2021-01-10T00:57:47.239+0000 3703 [restartedMain] WARN o.s.b.a.o.j.JpaBaseConfiguration$JpaWebConfiguration - spring.jpa.open-in-view is enabled by default. Therefore, database queries may be performed during view rendering. Explicitly configure spring.jpa.open-in-view to disable this warning
2021-01-10T20:17:17.346+0000 1365 [restartedMain] INFO o.s.b.d.e.DevToolsPropertyDefaultsPostProcessor - Devtools property defaults active! Set 'spring.devtools.add-properties' to 'false' to disable
2021-01-10T20:17:17.347+0000 1366 [restartedMain] INFO o.s.b.d.e.DevToolsPropertyDefaultsPostProcessor - For additional web related logging consider setting the 'logging.level.web' property to 'DEBUG'
2021-01-10T20:17:18.715+0000 2734 [restartedMain] INFO o.s.d.r.c.RepositoryConfigurationDelegate - Bootstrapping Spring Data JPA repositories in DEFERRED mode.
2021-01-10T20:17:18.808+0000 2827 [restartedMain] INFO o.s.d.r.c.RepositoryConfigurationDelegate - Finished Spring Data repository scanning in 86ms. Found 5 JPA repository interfaces.
2021-01-10T20:17:19.413+0000 3432 [restartedMain] INFO o.s.b.w.e.tomcat.TomcatWebServer - Tomcat initialized with port(s): 8080 (http)
2021-01-10T20:17:19.558+0000 3577 [restartedMain] INFO o.s.b.w.s.c.ServletWebServerApplicationContext - Root WebApplicationContext: initialization completed in 2210 ms
2021-01-10T20:17:19.780+0000 3799 [restartedMain] INFO o.s.b.a.h.H2ConsoleAutoConfiguration - H2 console available at '/h2-console'. Database available at 'jdbc:h2:file:~/projeto'
2021-01-10T20:17:19.956+0000 3975 [restartedMain] INFO o.s.s.c.ThreadPoolTaskExecutor - Initializing ExecutorService 'applicationTaskExecutor'
2021-01-10T20:17:20.316+0000 4335 [restartedMain] WARN o.s.b.a.o.j.JpaBaseConfiguration$JpaWebConfiguration - spring.jpa.open-in-view is enabled by default. Therefore, database queries may be performed during view rendering. Explicitly configure spring.jpa.open-in-view to disable this warning
2021-01-10T20:17:20.714+0000 4733 [restartedMain] INFO o.s.b.d.a.OptionalLiveReloadServer - LiveReload server is running on port 35729
2021-01-10T20:17:20.932+0000 4951 [restartedMain] INFO o.s.b.w.e.tomcat.TomcatWebServer - Tomcat started on port(s): 8080 (http) with context path ''
2021-01-10T20:17:21.421+0000 5440 [task-1] INFO o.s.o.j.LocalContainerEntityManagerFactoryBean - Initialized JPA EntityManagerFactory for persistence unit 'default'
2021-01-10T20:17:21.474+0000 5493 [restartedMain] INFO o.s.d.r.c.DeferredRepositoryInitializationListener - Triggering deferred initialization of Spring Data repositories…
2021-01-10T20:17:22.151+0000 6170 [restartedMain] INFO o.s.d.r.c.DeferredRepositoryInitializationListener - Spring Data repositories initialized!
2021-01-10T20:33:04.611+0000 509  [main] INFO o.s.b.t.a.o.j.DataJpaTestContextBootstrapper - Neither @ContextConfiguration nor @ContextHierarchy found for test class [projecto.controller.ProjetoControladorTest], using SpringBootContextLoader
2021-01-10T20:33:04.627+0000 525  [main] INFO o.s.t.c.s.AbstractContextLoader - Could not detect default resource locations for test class [projecto.controller.ProjetoControladorTest]: no resource found for suffixes {-context.xml, Context.groovy}.
2021-01-10T20:33:04.630+0000 528  [main] INFO o.s.t.c.s.AnnotationConfigContextLoaderUtils - Could not detect default configuration classes for test class [projecto.controller.ProjetoControladorTest]: ProjetoControladorTest does not declare any static, non-private, non-final, nested classes annotated with @Configuration.
2021-01-10T20:33:04.952+0000 850  [main] INFO o.s.b.t.c.SpringBootTestContextBootstrapper - Found @SpringBootConfiguration projecto.EngsoftApplication for test class projecto.controller.ProjetoControladorTest
2021-01-10T20:33:04.956+0000 854  [main] INFO o.s.b.t.a.o.j.DataJpaTestContextBootstrapper - Loaded default TestExecutionListener class names from location [META-INF/spring.factories]: [org.springframework.boot.test.mock.mockito.MockitoTestExecutionListener, org.springframework.boot.test.mock.mockito.ResetMocksTestExecutionListener, org.springframework.boot.test.autoconfigure.restdocs.RestDocsTestExecutionListener, org.springframework.boot.test.autoconfigure.web.client.MockRestServiceServerResetTestExecutionListener, org.springframework.boot.test.autoconfigure.web.servlet.MockMvcPrintOnlyOnFailureTestExecutionListener, org.springframework.boot.test.autoconfigure.web.servlet.WebDriverTestExecutionListener, org.springframework.boot.test.autoconfigure.webservices.client.MockWebServiceServerTestExecutionListener, org.springframework.test.context.web.ServletTestExecutionListener, org.springframework.test.context.support.DirtiesContextBeforeModesTestExecutionListener, org.springframework.test.context.support.DependencyInjectionTestExecutionListener, org.springframework.test.context.support.DirtiesContextTestExecutionListener, org.springframework.test.context.transaction.TransactionalTestExecutionListener, org.springframework.test.context.jdbc.SqlScriptsTestExecutionListener, org.springframework.test.context.event.EventPublishingTestExecutionListener]
2021-01-10T20:33:04.992+0000 890  [main] INFO o.s.b.t.a.o.j.DataJpaTestContextBootstrapper - Using TestExecutionListeners: [org.springframework.test.context.web.ServletTestExecutionListener@78365cfa, org.springframework.test.context.support.DirtiesContextBeforeModesTestExecutionListener@64a8c844, org.springframework.boot.test.mock.mockito.MockitoTestExecutionListener@3f6db3fb, org.springframework.boot.test.autoconfigure.SpringBootDependencyInjectionTestExecutionListener@52de51b6, org.springframework.test.context.support.DirtiesContextTestExecutionListener@18c5069b, org.springframework.test.context.transaction.TransactionalTestExecutionListener@3a0d172f, org.springframework.test.context.jdbc.SqlScriptsTestExecutionListener@68ad99fe, org.springframework.test.context.event.EventPublishingTestExecutionListener@485e36bc, org.springframework.boot.test.mock.mockito.ResetMocksTestExecutionListener@781f10f2, org.springframework.boot.test.autoconfigure.restdocs.RestDocsTestExecutionListener@2a79d4b1, org.springframework.boot.test.autoconfigure.web.client.MockRestServiceServerResetTestExecutionListener@2e9fda69, org.springframework.boot.test.autoconfigure.web.servlet.MockMvcPrintOnlyOnFailureTestExecutionListener@17cdf2d0, org.springframework.boot.test.autoconfigure.web.servlet.WebDriverTestExecutionListener@1755e85b, org.springframework.boot.test.autoconfigure.webservices.client.MockWebServiceServerTestExecutionListener@736d6a5c]
2021-01-10T20:33:07.160+0000 3058 [main] INFO o.s.d.r.c.RepositoryConfigurationDelegate - Bootstrapping Spring Data JPA repositories in LAZY mode.
2021-01-10T20:33:07.320+0000 3218 [main] INFO o.s.d.r.c.RepositoryConfigurationDelegate - Finished Spring Data repository scanning in 144ms. Found 5 JPA repository interfaces.
2021-01-10T20:33:07.424+0000 3322 [main] INFO o.s.b.t.a.j.TestDatabaseAutoConfiguration$EmbeddedDataSourceBeanFactoryPostProcessor - Replacing 'dataSource' DataSource bean with embedded version
2021-01-10T20:33:08.332+0000 4230 [main] INFO o.s.j.d.e.EmbeddedDatabaseFactory - Starting embedded database: url='jdbc:h2:mem:e7c4e5fe-f482-42c2-b2f8-83714ad2f9dd;DB_CLOSE_DELAY=-1;DB_CLOSE_ON_EXIT=false', username='sa'
2021-01-10T20:33:11.294+0000 7192 [main] INFO o.s.o.j.LocalContainerEntityManagerFactoryBean - Initialized JPA EntityManagerFactory for persistence unit 'default'
2021-01-10T20:33:11.859+0000 7757 [main] WARN o.s.c.a.AnnotationConfigApplicationContext - Exception encountered during context initialization - cancelling refresh attempt: org.springframework.beans.factory.UnsatisfiedDependencyException: Error creating bean with name 'documentationPluginsBootstrapper' defined in URL [jar:file:/C:/Users/leone/.m2/repository/io/springfox/springfox-spring-web/2.7.0/springfox-spring-web-2.7.0.jar!/springfox/documentation/spring/web/plugins/DocumentationPluginsBootstrapper.class]: Unsatisfied dependency expressed through constructor parameter 6; nested exception is org.springframework.beans.factory.NoSuchBeanDefinitionException: No qualifying bean of type 'javax.servlet.ServletContext' available: expected at least 1 bean which qualifies as autowire candidate. Dependency annotations: {}
2021-01-10T20:33:11.863+0000 7761 [main] INFO o.s.o.j.LocalContainerEntityManagerFactoryBean - Closing JPA EntityManagerFactory for persistence unit 'default'
2021-01-10T20:33:11.891+0000 7789 [main] INFO o.s.b.a.l.ConditionEvaluationReportLoggingListener - 

Error starting ApplicationContext. To display the conditions report re-run your application with 'debug' enabled.
2021-01-10T20:33:11.951+0000 7849 [main] ERROR o.s.b.d.LoggingFailureAnalysisReporter - 

***************************
APPLICATION FAILED TO START
***************************

Description:

Parameter 6 of constructor in springfox.documentation.spring.web.plugins.DocumentationPluginsBootstrapper required a bean of type 'javax.servlet.ServletContext' that could not be found.


Action:

Consider defining a bean of type 'javax.servlet.ServletContext' in your configuration.

2021-01-10T20:33:12.505+0000 8403 [main] INFO o.s.d.r.c.RepositoryConfigurationDelegate - Bootstrapping Spring Data JPA repositories in LAZY mode.
2021-01-10T20:33:12.551+0000 8449 [main] INFO o.s.d.r.c.RepositoryConfigurationDelegate - Finished Spring Data repository scanning in 45ms. Found 5 JPA repository interfaces.
2021-01-10T20:33:12.580+0000 8478 [main] INFO o.s.b.t.a.j.TestDatabaseAutoConfiguration$EmbeddedDataSourceBeanFactoryPostProcessor - Replacing 'dataSource' DataSource bean with embedded version
2021-01-10T20:33:12.668+0000 8566 [main] INFO o.s.j.d.e.EmbeddedDatabaseFactory - Starting embedded database: url='jdbc:h2:mem:747173ba-9a78-4657-8df5-9e63aaa87d1a;DB_CLOSE_DELAY=-1;DB_CLOSE_ON_EXIT=false', username='sa'
2021-01-10T20:33:13.010+0000 8908 [main] INFO o.s.o.j.LocalContainerEntityManagerFactoryBean - Initialized JPA EntityManagerFactory for persistence unit 'default'
2021-01-10T20:33:13.322+0000 9220 [main] WARN o.s.c.a.AnnotationConfigApplicationContext - Exception encountered during context initialization - cancelling refresh attempt: org.springframework.beans.factory.UnsatisfiedDependencyException: Error creating bean with name 'documentationPluginsBootstrapper' defined in URL [jar:file:/C:/Users/leone/.m2/repository/io/springfox/springfox-spring-web/2.7.0/springfox-spring-web-2.7.0.jar!/springfox/documentation/spring/web/plugins/DocumentationPluginsBootstrapper.class]: Unsatisfied dependency expressed through constructor parameter 6; nested exception is org.springframework.beans.factory.NoSuchBeanDefinitionException: No qualifying bean of type 'javax.servlet.ServletContext' available: expected at least 1 bean which qualifies as autowire candidate. Dependency annotations: {}
2021-01-10T20:33:13.323+0000 9221 [main] INFO o.s.o.j.LocalContainerEntityManagerFactoryBean - Closing JPA EntityManagerFactory for persistence unit 'default'
2021-01-10T20:33:13.332+0000 9230 [main] INFO o.s.b.a.l.ConditionEvaluationReportLoggingListener - 

Error starting ApplicationContext. To display the conditions report re-run your application with 'debug' enabled.
2021-01-10T20:33:13.356+0000 9254 [main] ERROR o.s.b.d.LoggingFailureAnalysisReporter - 

***************************
APPLICATION FAILED TO START
***************************

Description:

Parameter 6 of constructor in springfox.documentation.spring.web.plugins.DocumentationPluginsBootstrapper required a bean of type 'javax.servlet.ServletContext' that could not be found.


Action:

Consider defining a bean of type 'javax.servlet.ServletContext' in your configuration.

2021-01-10T20:33:13.360+0000 9258 [main] ERROR o.s.test.context.TestContextManager - Caught exception while allowing TestExecutionListener [org.springframework.boot.test.autoconfigure.SpringBootDependencyInjectionTestExecutionListener@52de51b6] to prepare test instance [projecto.controller.ProjetoControladorTest@4c941d19]
java.lang.IllegalStateException: Failed to load ApplicationContext
	at org.springframework.test.context.cache.DefaultCacheAwareContextLoaderDelegate.loadContext(DefaultCacheAwareContextLoaderDelegate.java:132)
	at org.springframework.test.context.support.DefaultTestContext.getApplicationContext(DefaultTestContext.java:123)
	at org.springframework.test.context.support.DependencyInjectionTestExecutionListener.injectDependencies(DependencyInjectionTestExecutionListener.java:118)
	at org.springframework.test.context.support.DependencyInjectionTestExecutionListener.prepareTestInstance(DependencyInjectionTestExecutionListener.java:83)
	at org.springframework.boot.test.autoconfigure.SpringBootDependencyInjectionTestExecutionListener.prepareTestInstance(SpringBootDependencyInjectionTestExecutionListener.java:43)
	at org.springframework.test.context.TestContextManager.prepareTestInstance(TestContextManager.java:244)
	at org.springframework.test.context.junit.jupiter.SpringExtension.postProcessTestInstance(SpringExtension.java:98)
	at org.junit.jupiter.engine.descriptor.ClassBasedTestDescriptor.lambda$invokeTestInstancePostProcessors$5(ClassBasedTestDescriptor.java:341)
	at org.junit.jupiter.engine.descriptor.ClassBasedTestDescriptor.executeAndMaskThrowable(ClassBasedTestDescriptor.java:346)
	at org.junit.jupiter.engine.descriptor.ClassBasedTestDescriptor.lambda$invokeTestInstancePostProcessors$6(ClassBasedTestDescriptor.java:341)
	at java.base/java.util.stream.ReferencePipeline$3$1.accept(ReferencePipeline.java:195)
	at java.base/java.util.stream.ReferencePipeline$2$1.accept(ReferencePipeline.java:177)
	at java.base/java.util.ArrayList$ArrayListSpliterator.forEachRemaining(ArrayList.java:1654)
	at java.base/java.util.stream.AbstractPipeline.copyInto(AbstractPipeline.java:484)
	at java.base/java.util.stream.AbstractPipeline.wrapAndCopyInto(AbstractPipeline.java:474)
	at java.base/java.util.stream.StreamSpliterators$WrappingSpliterator.forEachRemaining(StreamSpliterators.java:312)
	at java.base/java.util.stream.Streams$ConcatSpliterator.forEachRemaining(Streams.java:735)
	at java.base/java.util.stream.Streams$ConcatSpliterator.forEachRemaining(Streams.java:734)
	at java.base/java.util.stream.ReferencePipeline$Head.forEach(ReferencePipeline.java:658)
	at org.junit.jupiter.engine.descriptor.ClassBasedTestDescriptor.invokeTestInstancePostProcessors(ClassBasedTestDescriptor.java:340)
	at org.junit.jupiter.engine.descriptor.ClassBasedTestDescriptor.instantiateAndPostProcessTestInstance(ClassBasedTestDescriptor.java:263)
	at org.junit.jupiter.engine.descriptor.ClassBasedTestDescriptor.lambda$testInstancesProvider$2(ClassBasedTestDescriptor.java:256)
	at java.base/java.util.Optional.orElseGet(Optional.java:369)
	at org.junit.jupiter.engine.descriptor.ClassBasedTestDescriptor.lambda$testInstancesProvider$3(ClassBasedTestDescriptor.java:255)
	at org.junit.jupiter.engine.execution.TestInstancesProvider.getTestInstances(TestInstancesProvider.java:29)
	at org.junit.jupiter.engine.descriptor.TestMethodTestDescriptor.lambda$prepare$0(TestMethodTestDescriptor.java:108)
	at org.junit.platform.engine.support.hierarchical.ThrowableCollector.execute(ThrowableCollector.java:73)
	at org.junit.jupiter.engine.descriptor.TestMethodTestDescriptor.prepare(TestMethodTestDescriptor.java:107)
	at org.junit.jupiter.engine.descriptor.TestMethodTestDescriptor.prepare(TestMethodTestDescriptor.java:71)
	at org.junit.platform.engine.support.hierarchical.NodeTestTask.lambda$prepare$1(NodeTestTask.java:107)
	at org.junit.platform.engine.support.hierarchical.ThrowableCollector.execute(ThrowableCollector.java:73)
	at org.junit.platform.engine.support.hierarchical.NodeTestTask.prepare(NodeTestTask.java:107)
	at org.junit.platform.engine.support.hierarchical.NodeTestTask.execute(NodeTestTask.java:75)
	at java.base/java.util.ArrayList.forEach(ArrayList.java:1540)
	at org.junit.platform.engine.support.hierarchical.SameThreadHierarchicalTestExecutorService.invokeAll(SameThreadHierarchicalTestExecutorService.java:38)
	at org.junit.platform.engine.support.hierarchical.NodeTestTask.lambda$executeRecursively$5(NodeTestTask.java:139)
	at org.junit.platform.engine.support.hierarchical.ThrowableCollector.execute(ThrowableCollector.java:73)
	at org.junit.platform.engine.support.hierarchical.NodeTestTask.lambda$executeRecursively$7(NodeTestTask.java:125)
	at org.junit.platform.engine.support.hierarchical.Node.around(Node.java:135)
	at org.junit.platform.engine.support.hierarchical.NodeTestTask.lambda$executeRecursively$8(NodeTestTask.java:123)
	at org.junit.platform.engine.support.hierarchical.ThrowableCollector.execute(ThrowableCollector.java:73)
	at org.junit.platform.engine.support.hierarchical.NodeTestTask.executeRecursively(NodeTestTask.java:122)
	at org.junit.platform.engine.support.hierarchical.NodeTestTask.execute(NodeTestTask.java:80)
	at java.base/java.util.ArrayList.forEach(ArrayList.java:1540)
	at org.junit.platform.engine.support.hierarchical.SameThreadHierarchicalTestExecutorService.invokeAll(SameThreadHierarchicalTestExecutorService.java:38)
	at org.junit.platform.engine.support.hierarchical.NodeTestTask.lambda$executeRecursively$5(NodeTestTask.java:139)
	at org.junit.platform.engine.support.hierarchical.ThrowableCollector.execute(ThrowableCollector.java:73)
	at org.junit.platform.engine.support.hierarchical.NodeTestTask.lambda$executeRecursively$7(NodeTestTask.java:125)
	at org.junit.platform.engine.support.hierarchical.Node.around(Node.java:135)
	at org.junit.platform.engine.support.hierarchical.NodeTestTask.lambda$executeRecursively$8(NodeTestTask.java:123)
	at org.junit.platform.engine.support.hierarchical.ThrowableCollector.execute(ThrowableCollector.java:73)
	at org.junit.platform.engine.support.hierarchical.NodeTestTask.executeRecursively(NodeTestTask.java:122)
	at org.junit.platform.engine.support.hierarchical.NodeTestTask.execute(NodeTestTask.java:80)
	at org.junit.platform.engine.support.hierarchical.SameThreadHierarchicalTestExecutorService.submit(SameThreadHierarchicalTestExecutorService.java:32)
	at org.junit.platform.engine.support.hierarchical.HierarchicalTestExecutor.execute(HierarchicalTestExecutor.java:57)
	at org.junit.platform.engine.support.hierarchical.HierarchicalTestEngine.execute(HierarchicalTestEngine.java:51)
	at org.junit.platform.launcher.core.DefaultLauncher.execute(DefaultLauncher.java:248)
	at org.junit.platform.launcher.core.DefaultLauncher.lambda$execute$5(DefaultLauncher.java:211)
	at org.junit.platform.launcher.core.DefaultLauncher.withInterceptedStreams(DefaultLauncher.java:226)
	at org.junit.platform.launcher.core.DefaultLauncher.execute(DefaultLauncher.java:199)
	at org.junit.platform.launcher.core.DefaultLauncher.execute(DefaultLauncher.java:132)
	at com.intellij.junit5.JUnit5IdeaTestRunner.startRunnerWithArgs(JUnit5IdeaTestRunner.java:71)
	at com.intellij.rt.junit.IdeaTestRunner$Repeater.startRunnerWithArgs(IdeaTestRunner.java:33)
	at com.intellij.rt.junit.JUnitStarter.prepareStreamsAndStart(JUnitStarter.java:220)
	at com.intellij.rt.junit.JUnitStarter.main(JUnitStarter.java:53)
Caused by: org.springframework.beans.factory.UnsatisfiedDependencyException: Error creating bean with name 'documentationPluginsBootstrapper' defined in URL [jar:file:/C:/Users/leone/.m2/repository/io/springfox/springfox-spring-web/2.7.0/springfox-spring-web-2.7.0.jar!/springfox/documentation/spring/web/plugins/DocumentationPluginsBootstrapper.class]: Unsatisfied dependency expressed through constructor parameter 6; nested exception is org.springframework.beans.factory.NoSuchBeanDefinitionException: No qualifying bean of type 'javax.servlet.ServletContext' available: expected at least 1 bean which qualifies as autowire candidate. Dependency annotations: {}
	at org.springframework.beans.factory.support.ConstructorResolver.createArgumentArray(ConstructorResolver.java:797)
	at org.springframework.beans.factory.support.ConstructorResolver.autowireConstructor(ConstructorResolver.java:227)
	at org.springframework.beans.factory.support.AbstractAutowireCapableBeanFactory.autowireConstructor(AbstractAutowireCapableBeanFactory.java:1356)
	at org.springframework.beans.factory.support.AbstractAutowireCapableBeanFactory.createBeanInstance(AbstractAutowireCapableBeanFactory.java:1203)
	at org.springframework.beans.factory.support.AbstractAutowireCapableBeanFactory.doCreateBean(AbstractAutowireCapableBeanFactory.java:556)
	at org.springframework.beans.factory.support.AbstractAutowireCapableBeanFactory.createBean(AbstractAutowireCapableBeanFactory.java:516)
	at org.springframework.beans.factory.support.AbstractBeanFactory.lambda$doGetBean$0(AbstractBeanFactory.java:324)
	at org.springframework.beans.factory.support.DefaultSingletonBeanRegistry.getSingleton(DefaultSingletonBeanRegistry.java:234)
	at org.springframework.beans.factory.support.AbstractBeanFactory.doGetBean(AbstractBeanFactory.java:322)
	at org.springframework.beans.factory.support.AbstractBeanFactory.getBean(AbstractBeanFactory.java:202)
	at org.springframework.beans.factory.support.DefaultListableBeanFactory.preInstantiateSingletons(DefaultListableBeanFactory.java:897)
	at org.springframework.context.support.AbstractApplicationContext.finishBeanFactoryInitialization(AbstractApplicationContext.java:879)
	at org.springframework.context.support.AbstractApplicationContext.refresh(AbstractApplicationContext.java:551)
	at org.springframework.boot.SpringApplication.refresh(SpringApplication.java:758)
	at org.springframework.boot.SpringApplication.refresh(SpringApplication.java:750)
	at org.springframework.boot.SpringApplication.refreshContext(SpringApplication.java:397)
	at org.springframework.boot.SpringApplication.run(SpringApplication.java:315)
	at org.springframework.boot.test.context.SpringBootContextLoader.loadContext(SpringBootContextLoader.java:120)
	at org.springframework.test.context.cache.DefaultCacheAwareContextLoaderDelegate.loadContextInternal(DefaultCacheAwareContextLoaderDelegate.java:99)
	at org.springframework.test.context.cache.DefaultCacheAwareContextLoaderDelegate.loadContext(DefaultCacheAwareContextLoaderDelegate.java:124)
	... 64 common frames omitted
Caused by: org.springframework.beans.factory.NoSuchBeanDefinitionException: No qualifying bean of type 'javax.servlet.ServletContext' available: expected at least 1 bean which qualifies as autowire candidate. Dependency annotations: {}
	at org.springframework.beans.factory.support.DefaultListableBeanFactory.raiseNoMatchingBeanFound(DefaultListableBeanFactory.java:1717)
	at org.springframework.beans.factory.support.DefaultListableBeanFactory.doResolveDependency(DefaultListableBeanFactory.java:1273)
	at org.springframework.beans.factory.support.DefaultListableBeanFactory.resolveDependency(DefaultListableBeanFactory.java:1227)
	at org.springframework.beans.factory.support.ConstructorResolver.resolveAutowiredArgument(ConstructorResolver.java:884)
	at org.springframework.beans.factory.support.ConstructorResolver.createArgumentArray(ConstructorResolver.java:788)
	... 83 common frames omitted
2021-01-10T21:06:00.434+0000 1833 [restartedMain] INFO o.s.b.d.e.DevToolsPropertyDefaultsPostProcessor - Devtools property defaults active! Set 'spring.devtools.add-properties' to 'false' to disable
2021-01-10T21:06:00.435+0000 1834 [restartedMain] INFO o.s.b.d.e.DevToolsPropertyDefaultsPostProcessor - For additional web related logging consider setting the 'logging.level.web' property to 'DEBUG'
2021-01-10T21:06:02.022+0000 3421 [restartedMain] INFO o.s.d.r.c.RepositoryConfigurationDelegate - Bootstrapping Spring Data JPA repositories in DEFERRED mode.
2021-01-10T21:06:02.184+0000 3583 [restartedMain] INFO o.s.d.r.c.RepositoryConfigurationDelegate - Finished Spring Data repository scanning in 151ms. Found 5 JPA repository interfaces.
2021-01-10T21:06:03.090+0000 4489 [restartedMain] INFO o.s.b.w.e.tomcat.TomcatWebServer - Tomcat initialized with port(s): 8080 (http)
2021-01-10T21:06:03.278+0000 4677 [restartedMain] INFO o.s.b.w.s.c.ServletWebServerApplicationContext - Root WebApplicationContext: initialization completed in 2843 ms
2021-01-10T21:06:03.604+0000 5003 [restartedMain] INFO o.s.b.a.h.H2ConsoleAutoConfiguration - H2 console available at '/h2-console'. Database available at 'jdbc:h2:file:~/projeto'
2021-01-10T21:06:03.830+0000 5229 [restartedMain] INFO o.s.s.c.ThreadPoolTaskExecutor - Initializing ExecutorService 'applicationTaskExecutor'
2021-01-10T21:06:04.267+0000 5666 [restartedMain] WARN o.s.b.a.o.j.JpaBaseConfiguration$JpaWebConfiguration - spring.jpa.open-in-view is enabled by default. Therefore, database queries may be performed during view rendering. Explicitly configure spring.jpa.open-in-view to disable this warning
2021-01-10T21:06:04.766+0000 6165 [restartedMain] INFO o.s.b.d.a.OptionalLiveReloadServer - LiveReload server is running on port 35729
2021-01-10T21:06:05.057+0000 6456 [restartedMain] INFO o.s.b.w.e.tomcat.TomcatWebServer - Tomcat started on port(s): 8080 (http) with context path ''
2021-01-10T21:06:05.670+0000 7069 [restartedMain] INFO o.s.d.r.c.DeferredRepositoryInitializationListener - Triggering deferred initialization of Spring Data repositories…
2021-01-10T21:06:05.803+0000 7202 [task-1] INFO o.s.o.j.LocalContainerEntityManagerFactoryBean - Initialized JPA EntityManagerFactory for persistence unit 'default'
2021-01-10T21:06:06.573+0000 7972 [restartedMain] INFO o.s.d.r.c.DeferredRepositoryInitializationListener - Spring Data repositories initialized!
2021-01-12T20:09:54.420+0000 368  [main] INFO o.s.b.t.c.SpringBootTestContextBootstrapper - Neither @ContextConfiguration nor @ContextHierarchy found for test class [projecto.service.TarefaServiceImplTest], using SpringBootContextLoader
2021-01-12T20:09:54.430+0000 378  [main] INFO o.s.t.c.s.AbstractContextLoader - Could not detect default resource locations for test class [projecto.service.TarefaServiceImplTest]: no resource found for suffixes {-context.xml, Context.groovy}.
2021-01-12T20:09:54.644+0000 592  [main] INFO o.s.b.t.c.SpringBootTestContextBootstrapper - Loaded default TestExecutionListener class names from location [META-INF/spring.factories]: [org.springframework.boot.test.mock.mockito.MockitoTestExecutionListener, org.springframework.boot.test.mock.mockito.ResetMocksTestExecutionListener, org.springframework.boot.test.autoconfigure.restdocs.RestDocsTestExecutionListener, org.springframework.boot.test.autoconfigure.web.client.MockRestServiceServerResetTestExecutionListener, org.springframework.boot.test.autoconfigure.web.servlet.MockMvcPrintOnlyOnFailureTestExecutionListener, org.springframework.boot.test.autoconfigure.web.servlet.WebDriverTestExecutionListener, org.springframework.boot.test.autoconfigure.webservices.client.MockWebServiceServerTestExecutionListener, org.springframework.test.context.web.ServletTestExecutionListener, org.springframework.test.context.support.DirtiesContextBeforeModesTestExecutionListener, org.springframework.test.context.support.DependencyInjectionTestExecutionListener, org.springframework.test.context.support.DirtiesContextTestExecutionListener, org.springframework.test.context.transaction.TransactionalTestExecutionListener, org.springframework.test.context.jdbc.SqlScriptsTestExecutionListener, org.springframework.test.context.event.EventPublishingTestExecutionListener]
2021-01-12T20:09:54.672+0000 620  [main] INFO o.s.b.t.c.SpringBootTestContextBootstrapper - Using TestExecutionListeners: [org.springframework.test.context.web.ServletTestExecutionListener@3a0baae5, org.springframework.test.context.support.DirtiesContextBeforeModesTestExecutionListener@7ac0e420, org.springframework.boot.test.mock.mockito.MockitoTestExecutionListener@289710d9, org.springframework.boot.test.autoconfigure.SpringBootDependencyInjectionTestExecutionListener@5a18cd76, org.springframework.test.context.support.DirtiesContextTestExecutionListener@3da30852, org.springframework.test.context.transaction.TransactionalTestExecutionListener@403f0a22, org.springframework.test.context.jdbc.SqlScriptsTestExecutionListener@503ecb24, org.springframework.test.context.event.EventPublishingTestExecutionListener@4c51cf28, org.springframework.boot.test.mock.mockito.ResetMocksTestExecutionListener@6995bf68, org.springframework.boot.test.autoconfigure.restdocs.RestDocsTestExecutionListener@5143c662, org.springframework.boot.test.autoconfigure.web.client.MockRestServiceServerResetTestExecutionListener@77825085, org.springframework.boot.test.autoconfigure.web.servlet.MockMvcPrintOnlyOnFailureTestExecutionListener@3568f9d2, org.springframework.boot.test.autoconfigure.web.servlet.WebDriverTestExecutionListener@71c27ee8, org.springframework.boot.test.autoconfigure.webservices.client.MockWebServiceServerTestExecutionListener@3e7dd664]
2021-01-12T20:09:56.055+0000 2003 [main] WARN o.s.w.c.s.GenericWebApplicationContext - Exception encountered during context initialization - cancelling refresh attempt: org.springframework.beans.factory.UnsatisfiedDependencyException: Error creating bean with name 'tarefaServiceImpl': Unsatisfied dependency expressed through constructor parameter 0; nested exception is org.springframework.beans.factory.NoSuchBeanDefinitionException: No qualifying bean of type 'projecto.repositories.ProjetoRepository' available: expected at least 1 bean which qualifies as autowire candidate. Dependency annotations: {}
2021-01-12T20:09:56.065+0000 2013 [main] ERROR o.s.b.d.LoggingFailureAnalysisReporter - 

***************************
APPLICATION FAILED TO START
***************************

Description:

Parameter 0 of constructor in projecto.service.TarefaServiceImpl required a bean of type 'projecto.repositories.ProjetoRepository' that could not be found.


Action:

Consider defining a bean of type 'projecto.repositories.ProjetoRepository' in your configuration.

2021-01-12T20:09:56.065+0000 2013 [main] ERROR o.s.test.context.TestContextManager - Caught exception while allowing TestExecutionListener [org.springframework.test.context.web.ServletTestExecutionListener@3a0baae5] to prepare test instance [projecto.service.TarefaServiceImplTest@302edb74]
java.lang.IllegalStateException: Failed to load ApplicationContext
	at org.springframework.test.context.cache.DefaultCacheAwareContextLoaderDelegate.loadContext(DefaultCacheAwareContextLoaderDelegate.java:132)
	at org.springframework.test.context.support.DefaultTestContext.getApplicationContext(DefaultTestContext.java:123)
	at org.springframework.test.context.web.ServletTestExecutionListener.setUpRequestContextIfNecessary(ServletTestExecutionListener.java:190)
	at org.springframework.test.context.web.ServletTestExecutionListener.prepareTestInstance(ServletTestExecutionListener.java:132)
	at org.springframework.test.context.TestContextManager.prepareTestInstance(TestContextManager.java:244)
	at org.springframework.test.context.junit.jupiter.SpringExtension.postProcessTestInstance(SpringExtension.java:98)
	at org.junit.jupiter.engine.descriptor.ClassBasedTestDescriptor.lambda$invokeTestInstancePostProcessors$5(ClassBasedTestDescriptor.java:341)
	at org.junit.jupiter.engine.descriptor.ClassBasedTestDescriptor.executeAndMaskThrowable(ClassBasedTestDescriptor.java:346)
	at org.junit.jupiter.engine.descriptor.ClassBasedTestDescriptor.lambda$invokeTestInstancePostProcessors$6(ClassBasedTestDescriptor.java:341)
	at java.base/java.util.stream.ReferencePipeline$3$1.accept(ReferencePipeline.java:195)
	at java.base/java.util.stream.ReferencePipeline$2$1.accept(ReferencePipeline.java:177)
	at java.base/java.util.ArrayList$ArrayListSpliterator.forEachRemaining(ArrayList.java:1624)
	at java.base/java.util.stream.AbstractPipeline.copyInto(AbstractPipeline.java:484)
	at java.base/java.util.stream.AbstractPipeline.wrapAndCopyInto(AbstractPipeline.java:474)
	at java.base/java.util.stream.StreamSpliterators$WrappingSpliterator.forEachRemaining(StreamSpliterators.java:312)
	at java.base/java.util.stream.Streams$ConcatSpliterator.forEachRemaining(Streams.java:735)
	at java.base/java.util.stream.Streams$ConcatSpliterator.forEachRemaining(Streams.java:734)
	at java.base/java.util.stream.ReferencePipeline$Head.forEach(ReferencePipeline.java:658)
	at org.junit.jupiter.engine.descriptor.ClassBasedTestDescriptor.invokeTestInstancePostProcessors(ClassBasedTestDescriptor.java:340)
	at org.junit.jupiter.engine.descriptor.ClassBasedTestDescriptor.instantiateAndPostProcessTestInstance(ClassBasedTestDescriptor.java:263)
	at org.junit.jupiter.engine.descriptor.ClassBasedTestDescriptor.lambda$testInstancesProvider$2(ClassBasedTestDescriptor.java:256)
	at java.base/java.util.Optional.orElseGet(Optional.java:362)
	at org.junit.jupiter.engine.descriptor.ClassBasedTestDescriptor.lambda$testInstancesProvider$3(ClassBasedTestDescriptor.java:255)
	at org.junit.jupiter.engine.execution.TestInstancesProvider.getTestInstances(TestInstancesProvider.java:29)
	at org.junit.jupiter.engine.descriptor.TestMethodTestDescriptor.lambda$prepare$0(TestMethodTestDescriptor.java:108)
	at org.junit.platform.engine.support.hierarchical.ThrowableCollector.execute(ThrowableCollector.java:73)
	at org.junit.jupiter.engine.descriptor.TestMethodTestDescriptor.prepare(TestMethodTestDescriptor.java:107)
	at org.junit.jupiter.engine.descriptor.TestMethodTestDescriptor.prepare(TestMethodTestDescriptor.java:71)
	at org.junit.platform.engine.support.hierarchical.NodeTestTask.lambda$prepare$1(NodeTestTask.java:107)
	at org.junit.platform.engine.support.hierarchical.ThrowableCollector.execute(ThrowableCollector.java:73)
	at org.junit.platform.engine.support.hierarchical.NodeTestTask.prepare(NodeTestTask.java:107)
	at org.junit.platform.engine.support.hierarchical.NodeTestTask.execute(NodeTestTask.java:75)
	at java.base/java.util.ArrayList.forEach(ArrayList.java:1510)
	at org.junit.platform.engine.support.hierarchical.SameThreadHierarchicalTestExecutorService.invokeAll(SameThreadHierarchicalTestExecutorService.java:38)
	at org.junit.platform.engine.support.hierarchical.NodeTestTask.lambda$executeRecursively$5(NodeTestTask.java:139)
	at org.junit.platform.engine.support.hierarchical.ThrowableCollector.execute(ThrowableCollector.java:73)
	at org.junit.platform.engine.support.hierarchical.NodeTestTask.lambda$executeRecursively$7(NodeTestTask.java:125)
	at org.junit.platform.engine.support.hierarchical.Node.around(Node.java:135)
	at org.junit.platform.engine.support.hierarchical.NodeTestTask.lambda$executeRecursively$8(NodeTestTask.java:123)
	at org.junit.platform.engine.support.hierarchical.ThrowableCollector.execute(ThrowableCollector.java:73)
	at org.junit.platform.engine.support.hierarchical.NodeTestTask.executeRecursively(NodeTestTask.java:122)
	at org.junit.platform.engine.support.hierarchical.NodeTestTask.execute(NodeTestTask.java:80)
	at java.base/java.util.ArrayList.forEach(ArrayList.java:1510)
	at org.junit.platform.engine.support.hierarchical.SameThreadHierarchicalTestExecutorService.invokeAll(SameThreadHierarchicalTestExecutorService.java:38)
	at org.junit.platform.engine.support.hierarchical.NodeTestTask.lambda$executeRecursively$5(NodeTestTask.java:139)
	at org.junit.platform.engine.support.hierarchical.ThrowableCollector.execute(ThrowableCollector.java:73)
	at org.junit.platform.engine.support.hierarchical.NodeTestTask.lambda$executeRecursively$7(NodeTestTask.java:125)
	at org.junit.platform.engine.support.hierarchical.Node.around(Node.java:135)
	at org.junit.platform.engine.support.hierarchical.NodeTestTask.lambda$executeRecursively$8(NodeTestTask.java:123)
	at org.junit.platform.engine.support.hierarchical.ThrowableCollector.execute(ThrowableCollector.java:73)
	at org.junit.platform.engine.support.hierarchical.NodeTestTask.executeRecursively(NodeTestTask.java:122)
	at org.junit.platform.engine.support.hierarchical.NodeTestTask.execute(NodeTestTask.java:80)
	at org.junit.platform.engine.support.hierarchical.SameThreadHierarchicalTestExecutorService.submit(SameThreadHierarchicalTestExecutorService.java:32)
	at org.junit.platform.engine.support.hierarchical.HierarchicalTestExecutor.execute(HierarchicalTestExecutor.java:57)
	at org.junit.platform.engine.support.hierarchical.HierarchicalTestEngine.execute(HierarchicalTestEngine.java:51)
	at org.junit.platform.launcher.core.DefaultLauncher.execute(DefaultLauncher.java:248)
	at org.junit.platform.launcher.core.DefaultLauncher.lambda$execute$5(DefaultLauncher.java:211)
	at org.junit.platform.launcher.core.DefaultLauncher.withInterceptedStreams(DefaultLauncher.java:226)
	at org.junit.platform.launcher.core.DefaultLauncher.execute(DefaultLauncher.java:199)
	at org.junit.platform.launcher.core.DefaultLauncher.execute(DefaultLauncher.java:132)
	at com.intellij.junit5.JUnit5IdeaTestRunner.startRunnerWithArgs(JUnit5IdeaTestRunner.java:71)
	at com.intellij.rt.junit.IdeaTestRunner$Repeater.startRunnerWithArgs(IdeaTestRunner.java:33)
	at com.intellij.rt.junit.JUnitStarter.prepareStreamsAndStart(JUnitStarter.java:220)
	at com.intellij.rt.junit.JUnitStarter.main(JUnitStarter.java:53)
Caused by: org.springframework.beans.factory.UnsatisfiedDependencyException: Error creating bean with name 'tarefaServiceImpl': Unsatisfied dependency expressed through constructor parameter 0; nested exception is org.springframework.beans.factory.NoSuchBeanDefinitionException: No qualifying bean of type 'projecto.repositories.ProjetoRepository' available: expected at least 1 bean which qualifies as autowire candidate. Dependency annotations: {}
	at org.springframework.beans.factory.support.ConstructorResolver.createArgumentArray(ConstructorResolver.java:797)
	at org.springframework.beans.factory.support.ConstructorResolver.autowireConstructor(ConstructorResolver.java:227)
	at org.springframework.beans.factory.support.AbstractAutowireCapableBeanFactory.autowireConstructor(AbstractAutowireCapableBeanFactory.java:1356)
	at org.springframework.beans.factory.support.AbstractAutowireCapableBeanFactory.createBeanInstance(AbstractAutowireCapableBeanFactory.java:1203)
	at org.springframework.beans.factory.support.AbstractAutowireCapableBeanFactory.doCreateBean(AbstractAutowireCapableBeanFactory.java:556)
	at org.springframework.beans.factory.support.AbstractAutowireCapableBeanFactory.createBean(AbstractAutowireCapableBeanFactory.java:516)
	at org.springframework.beans.factory.support.AbstractBeanFactory.lambda$doGetBean$0(AbstractBeanFactory.java:324)
	at org.springframework.beans.factory.support.DefaultSingletonBeanRegistry.getSingleton(DefaultSingletonBeanRegistry.java:234)
	at org.springframework.beans.factory.support.AbstractBeanFactory.doGetBean(AbstractBeanFactory.java:322)
	at org.springframework.beans.factory.support.AbstractBeanFactory.getBean(AbstractBeanFactory.java:202)
	at org.springframework.beans.factory.support.DefaultListableBeanFactory.preInstantiateSingletons(DefaultListableBeanFactory.java:897)
	at org.springframework.context.support.AbstractApplicationContext.finishBeanFactoryInitialization(AbstractApplicationContext.java:879)
	at org.springframework.context.support.AbstractApplicationContext.refresh(AbstractApplicationContext.java:551)
	at org.springframework.boot.SpringApplication.refresh(SpringApplication.java:758)
	at org.springframework.boot.SpringApplication.refresh(SpringApplication.java:750)
	at org.springframework.boot.SpringApplication.refreshContext(SpringApplication.java:397)
	at org.springframework.boot.SpringApplication.run(SpringApplication.java:315)
	at org.springframework.boot.test.context.SpringBootContextLoader.loadContext(SpringBootContextLoader.java:120)
	at org.springframework.test.context.cache.DefaultCacheAwareContextLoaderDelegate.loadContextInternal(DefaultCacheAwareContextLoaderDelegate.java:99)
	at org.springframework.test.context.cache.DefaultCacheAwareContextLoaderDelegate.loadContext(DefaultCacheAwareContextLoaderDelegate.java:124)
	... 63 common frames omitted
Caused by: org.springframework.beans.factory.NoSuchBeanDefinitionException: No qualifying bean of type 'projecto.repositories.ProjetoRepository' available: expected at least 1 bean which qualifies as autowire candidate. Dependency annotations: {}
	at org.springframework.beans.factory.support.DefaultListableBeanFactory.raiseNoMatchingBeanFound(DefaultListableBeanFactory.java:1717)
	at org.springframework.beans.factory.support.DefaultListableBeanFactory.doResolveDependency(DefaultListableBeanFactory.java:1273)
	at org.springframework.beans.factory.support.DefaultListableBeanFactory.resolveDependency(DefaultListableBeanFactory.java:1227)
	at org.springframework.beans.factory.support.ConstructorResolver.resolveAutowiredArgument(ConstructorResolver.java:884)
	at org.springframework.beans.factory.support.ConstructorResolver.createArgumentArray(ConstructorResolver.java:788)
	... 82 common frames omitted
2021-01-12T20:12:18.933+0000 367  [main] INFO o.s.b.t.c.SpringBootTestContextBootstrapper - Neither @ContextConfiguration nor @ContextHierarchy found for test class [projecto.service.TarefaServiceImplTest], using SpringBootContextLoader
2021-01-12T20:12:18.939+0000 373  [main] INFO o.s.t.c.s.AbstractContextLoader - Could not detect default resource locations for test class [projecto.service.TarefaServiceImplTest]: no resource found for suffixes {-context.xml, Context.groovy}.
2021-01-12T20:12:19.165+0000 599  [main] INFO o.s.b.t.c.SpringBootTestContextBootstrapper - Loaded default TestExecutionListener class names from location [META-INF/spring.factories]: [org.springframework.boot.test.mock.mockito.MockitoTestExecutionListener, org.springframework.boot.test.mock.mockito.ResetMocksTestExecutionListener, org.springframework.boot.test.autoconfigure.restdocs.RestDocsTestExecutionListener, org.springframework.boot.test.autoconfigure.web.client.MockRestServiceServerResetTestExecutionListener, org.springframework.boot.test.autoconfigure.web.servlet.MockMvcPrintOnlyOnFailureTestExecutionListener, org.springframework.boot.test.autoconfigure.web.servlet.WebDriverTestExecutionListener, org.springframework.boot.test.autoconfigure.webservices.client.MockWebServiceServerTestExecutionListener, org.springframework.test.context.web.ServletTestExecutionListener, org.springframework.test.context.support.DirtiesContextBeforeModesTestExecutionListener, org.springframework.test.context.support.DependencyInjectionTestExecutionListener, org.springframework.test.context.support.DirtiesContextTestExecutionListener, org.springframework.test.context.transaction.TransactionalTestExecutionListener, org.springframework.test.context.jdbc.SqlScriptsTestExecutionListener, org.springframework.test.context.event.EventPublishingTestExecutionListener]
2021-01-12T20:12:19.194+0000 628  [main] INFO o.s.b.t.c.SpringBootTestContextBootstrapper - Using TestExecutionListeners: [org.springframework.test.context.web.ServletTestExecutionListener@2f1de2d6, org.springframework.test.context.support.DirtiesContextBeforeModesTestExecutionListener@4eb386df, org.springframework.boot.test.mock.mockito.MockitoTestExecutionListener@79517588, org.springframework.boot.test.autoconfigure.SpringBootDependencyInjectionTestExecutionListener@3a0baae5, org.springframework.test.context.support.DirtiesContextTestExecutionListener@7ac0e420, org.springframework.test.context.transaction.TransactionalTestExecutionListener@289710d9, org.springframework.test.context.jdbc.SqlScriptsTestExecutionListener@5a18cd76, org.springframework.test.context.event.EventPublishingTestExecutionListener@3da30852, org.springframework.boot.test.mock.mockito.ResetMocksTestExecutionListener@403f0a22, org.springframework.boot.test.autoconfigure.restdocs.RestDocsTestExecutionListener@503ecb24, org.springframework.boot.test.autoconfigure.web.client.MockRestServiceServerResetTestExecutionListener@4c51cf28, org.springframework.boot.test.autoconfigure.web.servlet.MockMvcPrintOnlyOnFailureTestExecutionListener@6995bf68, org.springframework.boot.test.autoconfigure.web.servlet.WebDriverTestExecutionListener@5143c662, org.springframework.boot.test.autoconfigure.webservices.client.MockWebServiceServerTestExecutionListener@77825085]
2021-01-12T20:13:33.652+0000 300  [main] INFO o.s.b.t.c.SpringBootTestContextBootstrapper - Neither @ContextConfiguration nor @ContextHierarchy found for test class [projecto.service.TarefaServiceImplTest], using SpringBootContextLoader
2021-01-12T20:13:33.662+0000 310  [main] INFO o.s.t.c.s.AbstractContextLoader - Could not detect default resource locations for test class [projecto.service.TarefaServiceImplTest]: no resource found for suffixes {-context.xml, Context.groovy}.
2021-01-12T20:13:33.887+0000 535  [main] INFO o.s.b.t.c.SpringBootTestContextBootstrapper - Loaded default TestExecutionListener class names from location [META-INF/spring.factories]: [org.springframework.boot.test.mock.mockito.MockitoTestExecutionListener, org.springframework.boot.test.mock.mockito.ResetMocksTestExecutionListener, org.springframework.boot.test.autoconfigure.restdocs.RestDocsTestExecutionListener, org.springframework.boot.test.autoconfigure.web.client.MockRestServiceServerResetTestExecutionListener, org.springframework.boot.test.autoconfigure.web.servlet.MockMvcPrintOnlyOnFailureTestExecutionListener, org.springframework.boot.test.autoconfigure.web.servlet.WebDriverTestExecutionListener, org.springframework.boot.test.autoconfigure.webservices.client.MockWebServiceServerTestExecutionListener, org.springframework.test.context.web.ServletTestExecutionListener, org.springframework.test.context.support.DirtiesContextBeforeModesTestExecutionListener, org.springframework.test.context.support.DependencyInjectionTestExecutionListener, org.springframework.test.context.support.DirtiesContextTestExecutionListener, org.springframework.test.context.transaction.TransactionalTestExecutionListener, org.springframework.test.context.jdbc.SqlScriptsTestExecutionListener, org.springframework.test.context.event.EventPublishingTestExecutionListener]
2021-01-12T20:13:33.917+0000 565  [main] INFO o.s.b.t.c.SpringBootTestContextBootstrapper - Using TestExecutionListeners: [org.springframework.test.context.web.ServletTestExecutionListener@2f1de2d6, org.springframework.test.context.support.DirtiesContextBeforeModesTestExecutionListener@4eb386df, org.springframework.boot.test.mock.mockito.MockitoTestExecutionListener@79517588, org.springframework.boot.test.autoconfigure.SpringBootDependencyInjectionTestExecutionListener@3a0baae5, org.springframework.test.context.support.DirtiesContextTestExecutionListener@7ac0e420, org.springframework.test.context.transaction.TransactionalTestExecutionListener@289710d9, org.springframework.test.context.jdbc.SqlScriptsTestExecutionListener@5a18cd76, org.springframework.test.context.event.EventPublishingTestExecutionListener@3da30852, org.springframework.boot.test.mock.mockito.ResetMocksTestExecutionListener@403f0a22, org.springframework.boot.test.autoconfigure.restdocs.RestDocsTestExecutionListener@503ecb24, org.springframework.boot.test.autoconfigure.web.client.MockRestServiceServerResetTestExecutionListener@4c51cf28, org.springframework.boot.test.autoconfigure.web.servlet.MockMvcPrintOnlyOnFailureTestExecutionListener@6995bf68, org.springframework.boot.test.autoconfigure.web.servlet.WebDriverTestExecutionListener@5143c662, org.springframework.boot.test.autoconfigure.webservices.client.MockWebServiceServerTestExecutionListener@77825085]
2021-01-12T20:19:58.623+0000 435  [main] INFO o.s.b.t.c.SpringBootTestContextBootstrapper - Neither @ContextConfiguration nor @ContextHierarchy found for test class [projecto.service.TarefaServiceImplTest], using SpringBootContextLoader
2021-01-12T20:19:58.635+0000 447  [main] INFO o.s.t.c.s.AbstractContextLoader - Could not detect default resource locations for test class [projecto.service.TarefaServiceImplTest]: no resource found for suffixes {-context.xml, Context.groovy}.
2021-01-12T20:19:58.944+0000 756  [main] INFO o.s.b.t.c.SpringBootTestContextBootstrapper - Loaded default TestExecutionListener class names from location [META-INF/spring.factories]: [org.springframework.boot.test.mock.mockito.MockitoTestExecutionListener, org.springframework.boot.test.mock.mockito.ResetMocksTestExecutionListener, org.springframework.boot.test.autoconfigure.restdocs.RestDocsTestExecutionListener, org.springframework.boot.test.autoconfigure.web.client.MockRestServiceServerResetTestExecutionListener, org.springframework.boot.test.autoconfigure.web.servlet.MockMvcPrintOnlyOnFailureTestExecutionListener, org.springframework.boot.test.autoconfigure.web.servlet.WebDriverTestExecutionListener, org.springframework.boot.test.autoconfigure.webservices.client.MockWebServiceServerTestExecutionListener, org.springframework.test.context.web.ServletTestExecutionListener, org.springframework.test.context.support.DirtiesContextBeforeModesTestExecutionListener, org.springframework.test.context.support.DependencyInjectionTestExecutionListener, org.springframework.test.context.support.DirtiesContextTestExecutionListener, org.springframework.test.context.transaction.TransactionalTestExecutionListener, org.springframework.test.context.jdbc.SqlScriptsTestExecutionListener, org.springframework.test.context.event.EventPublishingTestExecutionListener]
2021-01-12T20:19:58.972+0000 784  [main] INFO o.s.b.t.c.SpringBootTestContextBootstrapper - Using TestExecutionListeners: [org.springframework.test.context.web.ServletTestExecutionListener@2f1de2d6, org.springframework.test.context.support.DirtiesContextBeforeModesTestExecutionListener@4eb386df, org.springframework.boot.test.mock.mockito.MockitoTestExecutionListener@79517588, org.springframework.boot.test.autoconfigure.SpringBootDependencyInjectionTestExecutionListener@3a0baae5, org.springframework.test.context.support.DirtiesContextTestExecutionListener@7ac0e420, org.springframework.test.context.transaction.TransactionalTestExecutionListener@289710d9, org.springframework.test.context.jdbc.SqlScriptsTestExecutionListener@5a18cd76, org.springframework.test.context.event.EventPublishingTestExecutionListener@3da30852, org.springframework.boot.test.mock.mockito.ResetMocksTestExecutionListener@403f0a22, org.springframework.boot.test.autoconfigure.restdocs.RestDocsTestExecutionListener@503ecb24, org.springframework.boot.test.autoconfigure.web.client.MockRestServiceServerResetTestExecutionListener@4c51cf28, org.springframework.boot.test.autoconfigure.web.servlet.MockMvcPrintOnlyOnFailureTestExecutionListener@6995bf68, org.springframework.boot.test.autoconfigure.web.servlet.WebDriverTestExecutionListener@5143c662, org.springframework.boot.test.autoconfigure.webservices.client.MockWebServiceServerTestExecutionListener@77825085]
2021-01-12T20:28:47.693+0000 305  [main] INFO o.s.b.t.c.SpringBootTestContextBootstrapper - Neither @ContextConfiguration nor @ContextHierarchy found for test class [projecto.service.TarefaServiceImplTest], using SpringBootContextLoader
2021-01-12T20:28:47.700+0000 312  [main] INFO o.s.t.c.s.AbstractContextLoader - Could not detect default resource locations for test class [projecto.service.TarefaServiceImplTest]: no resource found for suffixes {-context.xml, Context.groovy}.
2021-01-12T20:28:48.030+0000 642  [main] INFO o.s.b.t.c.SpringBootTestContextBootstrapper - Loaded default TestExecutionListener class names from location [META-INF/spring.factories]: [org.springframework.boot.test.mock.mockito.MockitoTestExecutionListener, org.springframework.boot.test.mock.mockito.ResetMocksTestExecutionListener, org.springframework.boot.test.autoconfigure.restdocs.RestDocsTestExecutionListener, org.springframework.boot.test.autoconfigure.web.client.MockRestServiceServerResetTestExecutionListener, org.springframework.boot.test.autoconfigure.web.servlet.MockMvcPrintOnlyOnFailureTestExecutionListener, org.springframework.boot.test.autoconfigure.web.servlet.WebDriverTestExecutionListener, org.springframework.boot.test.autoconfigure.webservices.client.MockWebServiceServerTestExecutionListener, org.springframework.test.context.web.ServletTestExecutionListener, org.springframework.test.context.support.DirtiesContextBeforeModesTestExecutionListener, org.springframework.test.context.support.DependencyInjectionTestExecutionListener, org.springframework.test.context.support.DirtiesContextTestExecutionListener, org.springframework.test.context.transaction.TransactionalTestExecutionListener, org.springframework.test.context.jdbc.SqlScriptsTestExecutionListener, org.springframework.test.context.event.EventPublishingTestExecutionListener]
2021-01-12T20:28:48.048+0000 660  [main] INFO o.s.b.t.c.SpringBootTestContextBootstrapper - Using TestExecutionListeners: [org.springframework.test.context.web.ServletTestExecutionListener@2f1de2d6, org.springframework.test.context.support.DirtiesContextBeforeModesTestExecutionListener@4eb386df, org.springframework.boot.test.mock.mockito.MockitoTestExecutionListener@79517588, org.springframework.boot.test.autoconfigure.SpringBootDependencyInjectionTestExecutionListener@3a0baae5, org.springframework.test.context.support.DirtiesContextTestExecutionListener@7ac0e420, org.springframework.test.context.transaction.TransactionalTestExecutionListener@289710d9, org.springframework.test.context.jdbc.SqlScriptsTestExecutionListener@5a18cd76, org.springframework.test.context.event.EventPublishingTestExecutionListener@3da30852, org.springframework.boot.test.mock.mockito.ResetMocksTestExecutionListener@403f0a22, org.springframework.boot.test.autoconfigure.restdocs.RestDocsTestExecutionListener@503ecb24, org.springframework.boot.test.autoconfigure.web.client.MockRestServiceServerResetTestExecutionListener@4c51cf28, org.springframework.boot.test.autoconfigure.web.servlet.MockMvcPrintOnlyOnFailureTestExecutionListener@6995bf68, org.springframework.boot.test.autoconfigure.web.servlet.WebDriverTestExecutionListener@5143c662, org.springframework.boot.test.autoconfigure.webservices.client.MockWebServiceServerTestExecutionListener@77825085]
2021-01-12T20:29:48.706+0000 409  [main] INFO o.s.b.t.c.SpringBootTestContextBootstrapper - Neither @ContextConfiguration nor @ContextHierarchy found for test class [projecto.service.TarefaServiceImplTest], using SpringBootContextLoader
2021-01-12T20:29:48.716+0000 419  [main] INFO o.s.t.c.s.AbstractContextLoader - Could not detect default resource locations for test class [projecto.service.TarefaServiceImplTest]: no resource found for suffixes {-context.xml, Context.groovy}.
2021-01-12T20:29:49.015+0000 718  [main] INFO o.s.b.t.c.SpringBootTestContextBootstrapper - Loaded default TestExecutionListener class names from location [META-INF/spring.factories]: [org.springframework.boot.test.mock.mockito.MockitoTestExecutionListener, org.springframework.boot.test.mock.mockito.ResetMocksTestExecutionListener, org.springframework.boot.test.autoconfigure.restdocs.RestDocsTestExecutionListener, org.springframework.boot.test.autoconfigure.web.client.MockRestServiceServerResetTestExecutionListener, org.springframework.boot.test.autoconfigure.web.servlet.MockMvcPrintOnlyOnFailureTestExecutionListener, org.springframework.boot.test.autoconfigure.web.servlet.WebDriverTestExecutionListener, org.springframework.boot.test.autoconfigure.webservices.client.MockWebServiceServerTestExecutionListener, org.springframework.test.context.web.ServletTestExecutionListener, org.springframework.test.context.support.DirtiesContextBeforeModesTestExecutionListener, org.springframework.test.context.support.DependencyInjectionTestExecutionListener, org.springframework.test.context.support.DirtiesContextTestExecutionListener, org.springframework.test.context.transaction.TransactionalTestExecutionListener, org.springframework.test.context.jdbc.SqlScriptsTestExecutionListener, org.springframework.test.context.event.EventPublishingTestExecutionListener]
2021-01-12T20:29:49.045+0000 748  [main] INFO o.s.b.t.c.SpringBootTestContextBootstrapper - Using TestExecutionListeners: [org.springframework.test.context.web.ServletTestExecutionListener@2f1de2d6, org.springframework.test.context.support.DirtiesContextBeforeModesTestExecutionListener@4eb386df, org.springframework.boot.test.mock.mockito.MockitoTestExecutionListener@79517588, org.springframework.boot.test.autoconfigure.SpringBootDependencyInjectionTestExecutionListener@3a0baae5, org.springframework.test.context.support.DirtiesContextTestExecutionListener@7ac0e420, org.springframework.test.context.transaction.TransactionalTestExecutionListener@289710d9, org.springframework.test.context.jdbc.SqlScriptsTestExecutionListener@5a18cd76, org.springframework.test.context.event.EventPublishingTestExecutionListener@3da30852, org.springframework.boot.test.mock.mockito.ResetMocksTestExecutionListener@403f0a22, org.springframework.boot.test.autoconfigure.restdocs.RestDocsTestExecutionListener@503ecb24, org.springframework.boot.test.autoconfigure.web.client.MockRestServiceServerResetTestExecutionListener@4c51cf28, org.springframework.boot.test.autoconfigure.web.servlet.MockMvcPrintOnlyOnFailureTestExecutionListener@6995bf68, org.springframework.boot.test.autoconfigure.web.servlet.WebDriverTestExecutionListener@5143c662, org.springframework.boot.test.autoconfigure.webservices.client.MockWebServiceServerTestExecutionListener@77825085]
2021-01-12T20:30:06.467+0000 310  [main] INFO o.s.b.t.c.SpringBootTestContextBootstrapper - Neither @ContextConfiguration nor @ContextHierarchy found for test class [projecto.service.TarefaServiceImplTest], using SpringBootContextLoader
2021-01-12T20:30:06.477+0000 320  [main] INFO o.s.t.c.s.AbstractContextLoader - Could not detect default resource locations for test class [projecto.service.TarefaServiceImplTest]: no resource found for suffixes {-context.xml, Context.groovy}.
2021-01-12T20:30:06.683+0000 526  [main] INFO o.s.b.t.c.SpringBootTestContextBootstrapper - Loaded default TestExecutionListener class names from location [META-INF/spring.factories]: [org.springframework.boot.test.mock.mockito.MockitoTestExecutionListener, org.springframework.boot.test.mock.mockito.ResetMocksTestExecutionListener, org.springframework.boot.test.autoconfigure.restdocs.RestDocsTestExecutionListener, org.springframework.boot.test.autoconfigure.web.client.MockRestServiceServerResetTestExecutionListener, org.springframework.boot.test.autoconfigure.web.servlet.MockMvcPrintOnlyOnFailureTestExecutionListener, org.springframework.boot.test.autoconfigure.web.servlet.WebDriverTestExecutionListener, org.springframework.boot.test.autoconfigure.webservices.client.MockWebServiceServerTestExecutionListener, org.springframework.test.context.web.ServletTestExecutionListener, org.springframework.test.context.support.DirtiesContextBeforeModesTestExecutionListener, org.springframework.test.context.support.DependencyInjectionTestExecutionListener, org.springframework.test.context.support.DirtiesContextTestExecutionListener, org.springframework.test.context.transaction.TransactionalTestExecutionListener, org.springframework.test.context.jdbc.SqlScriptsTestExecutionListener, org.springframework.test.context.event.EventPublishingTestExecutionListener]
2021-01-12T20:30:06.703+0000 546  [main] INFO o.s.b.t.c.SpringBootTestContextBootstrapper - Using TestExecutionListeners: [org.springframework.test.context.web.ServletTestExecutionListener@2f1de2d6, org.springframework.test.context.support.DirtiesContextBeforeModesTestExecutionListener@4eb386df, org.springframework.boot.test.mock.mockito.MockitoTestExecutionListener@79517588, org.springframework.boot.test.autoconfigure.SpringBootDependencyInjectionTestExecutionListener@3a0baae5, org.springframework.test.context.support.DirtiesContextTestExecutionListener@7ac0e420, org.springframework.test.context.transaction.TransactionalTestExecutionListener@289710d9, org.springframework.test.context.jdbc.SqlScriptsTestExecutionListener@5a18cd76, org.springframework.test.context.event.EventPublishingTestExecutionListener@3da30852, org.springframework.boot.test.mock.mockito.ResetMocksTestExecutionListener@403f0a22, org.springframework.boot.test.autoconfigure.restdocs.RestDocsTestExecutionListener@503ecb24, org.springframework.boot.test.autoconfigure.web.client.MockRestServiceServerResetTestExecutionListener@4c51cf28, org.springframework.boot.test.autoconfigure.web.servlet.MockMvcPrintOnlyOnFailureTestExecutionListener@6995bf68, org.springframework.boot.test.autoconfigure.web.servlet.WebDriverTestExecutionListener@5143c662, org.springframework.boot.test.autoconfigure.webservices.client.MockWebServiceServerTestExecutionListener@77825085]
2021-01-12T20:32:04.512+0000 301  [main] INFO o.s.b.t.c.SpringBootTestContextBootstrapper - Neither @ContextConfiguration nor @ContextHierarchy found for test class [projecto.service.TarefaServiceImplTest], using SpringBootContextLoader
2021-01-12T20:32:04.532+0000 321  [main] INFO o.s.t.c.s.AbstractContextLoader - Could not detect default resource locations for test class [projecto.service.TarefaServiceImplTest]: no resource found for suffixes {-context.xml, Context.groovy}.
2021-01-12T20:32:04.743+0000 532  [main] INFO o.s.b.t.c.SpringBootTestContextBootstrapper - Loaded default TestExecutionListener class names from location [META-INF/spring.factories]: [org.springframework.boot.test.mock.mockito.MockitoTestExecutionListener, org.springframework.boot.test.mock.mockito.ResetMocksTestExecutionListener, org.springframework.boot.test.autoconfigure.restdocs.RestDocsTestExecutionListener, org.springframework.boot.test.autoconfigure.web.client.MockRestServiceServerResetTestExecutionListener, org.springframework.boot.test.autoconfigure.web.servlet.MockMvcPrintOnlyOnFailureTestExecutionListener, org.springframework.boot.test.autoconfigure.web.servlet.WebDriverTestExecutionListener, org.springframework.boot.test.autoconfigure.webservices.client.MockWebServiceServerTestExecutionListener, org.springframework.test.context.web.ServletTestExecutionListener, org.springframework.test.context.support.DirtiesContextBeforeModesTestExecutionListener, org.springframework.test.context.support.DependencyInjectionTestExecutionListener, org.springframework.test.context.support.DirtiesContextTestExecutionListener, org.springframework.test.context.transaction.TransactionalTestExecutionListener, org.springframework.test.context.jdbc.SqlScriptsTestExecutionListener, org.springframework.test.context.event.EventPublishingTestExecutionListener]
2021-01-12T20:32:04.764+0000 553  [main] INFO o.s.b.t.c.SpringBootTestContextBootstrapper - Using TestExecutionListeners: [org.springframework.test.context.web.ServletTestExecutionListener@4eb386df, org.springframework.test.context.support.DirtiesContextBeforeModesTestExecutionListener@79517588, org.springframework.boot.test.mock.mockito.MockitoTestExecutionListener@3a0baae5, org.springframework.boot.test.autoconfigure.SpringBootDependencyInjectionTestExecutionListener@7ac0e420, org.springframework.test.context.support.DirtiesContextTestExecutionListener@289710d9, org.springframework.test.context.transaction.TransactionalTestExecutionListener@5a18cd76, org.springframework.test.context.jdbc.SqlScriptsTestExecutionListener@3da30852, org.springframework.test.context.event.EventPublishingTestExecutionListener@403f0a22, org.springframework.boot.test.mock.mockito.ResetMocksTestExecutionListener@503ecb24, org.springframework.boot.test.autoconfigure.restdocs.RestDocsTestExecutionListener@4c51cf28, org.springframework.boot.test.autoconfigure.web.client.MockRestServiceServerResetTestExecutionListener@6995bf68, org.springframework.boot.test.autoconfigure.web.servlet.MockMvcPrintOnlyOnFailureTestExecutionListener@5143c662, org.springframework.boot.test.autoconfigure.web.servlet.WebDriverTestExecutionListener@77825085, org.springframework.boot.test.autoconfigure.webservices.client.MockWebServiceServerTestExecutionListener@3568f9d2]
2021-01-12T20:33:08.259+0000 270  [main] INFO o.s.b.t.c.SpringBootTestContextBootstrapper - Neither @ContextConfiguration nor @ContextHierarchy found for test class [projecto.service.TarefaServiceImplTest], using SpringBootContextLoader
2021-01-12T20:33:08.259+0000 270  [main] INFO o.s.t.c.s.AbstractContextLoader - Could not detect default resource locations for test class [projecto.service.TarefaServiceImplTest]: no resource found for suffixes {-context.xml, Context.groovy}.
2021-01-12T20:33:08.449+0000 460  [main] INFO o.s.b.t.c.SpringBootTestContextBootstrapper - Loaded default TestExecutionListener class names from location [META-INF/spring.factories]: [org.springframework.boot.test.mock.mockito.MockitoTestExecutionListener, org.springframework.boot.test.mock.mockito.ResetMocksTestExecutionListener, org.springframework.boot.test.autoconfigure.restdocs.RestDocsTestExecutionListener, org.springframework.boot.test.autoconfigure.web.client.MockRestServiceServerResetTestExecutionListener, org.springframework.boot.test.autoconfigure.web.servlet.MockMvcPrintOnlyOnFailureTestExecutionListener, org.springframework.boot.test.autoconfigure.web.servlet.WebDriverTestExecutionListener, org.springframework.boot.test.autoconfigure.webservices.client.MockWebServiceServerTestExecutionListener, org.springframework.test.context.web.ServletTestExecutionListener, org.springframework.test.context.support.DirtiesContextBeforeModesTestExecutionListener, org.springframework.test.context.support.DependencyInjectionTestExecutionListener, org.springframework.test.context.support.DirtiesContextTestExecutionListener, org.springframework.test.context.transaction.TransactionalTestExecutionListener, org.springframework.test.context.jdbc.SqlScriptsTestExecutionListener, org.springframework.test.context.event.EventPublishingTestExecutionListener]
2021-01-12T20:33:08.479+0000 490  [main] INFO o.s.b.t.c.SpringBootTestContextBootstrapper - Using TestExecutionListeners: [org.springframework.test.context.web.ServletTestExecutionListener@423e4cbb, org.springframework.test.context.support.DirtiesContextBeforeModesTestExecutionListener@6e16b8b5, org.springframework.boot.test.mock.mockito.MockitoTestExecutionListener@43b4fe19, org.springframework.boot.test.autoconfigure.SpringBootDependencyInjectionTestExecutionListener@25ddbbbb, org.springframework.test.context.support.DirtiesContextTestExecutionListener@1536602f, org.springframework.test.context.transaction.TransactionalTestExecutionListener@4ebea12c, org.springframework.test.context.jdbc.SqlScriptsTestExecutionListener@2a1edad4, org.springframework.test.context.event.EventPublishingTestExecutionListener@6256ac4f, org.springframework.boot.test.mock.mockito.ResetMocksTestExecutionListener@44c79f32, org.springframework.boot.test.autoconfigure.restdocs.RestDocsTestExecutionListener@7fcbe147, org.springframework.boot.test.autoconfigure.web.client.MockRestServiceServerResetTestExecutionListener@235f4c10, org.springframework.boot.test.autoconfigure.web.servlet.MockMvcPrintOnlyOnFailureTestExecutionListener@743cb8e0, org.springframework.boot.test.autoconfigure.web.servlet.WebDriverTestExecutionListener@c7a975a, org.springframework.boot.test.autoconfigure.webservices.client.MockWebServiceServerTestExecutionListener@2c1b9e4b]
2021-01-12T20:33:37.819+0000 435  [main] INFO o.s.b.t.c.SpringBootTestContextBootstrapper - Neither @ContextConfiguration nor @ContextHierarchy found for test class [projecto.service.TarefaServiceImplTest], using SpringBootContextLoader
2021-01-12T20:33:37.826+0000 442  [main] INFO o.s.t.c.s.AbstractContextLoader - Could not detect default resource locations for test class [projecto.service.TarefaServiceImplTest]: no resource found for suffixes {-context.xml, Context.groovy}.
2021-01-12T20:33:38.069+0000 685  [main] INFO o.s.b.t.c.SpringBootTestContextBootstrapper - Loaded default TestExecutionListener class names from location [META-INF/spring.factories]: [org.springframework.boot.test.mock.mockito.MockitoTestExecutionListener, org.springframework.boot.test.mock.mockito.ResetMocksTestExecutionListener, org.springframework.boot.test.autoconfigure.restdocs.RestDocsTestExecutionListener, org.springframework.boot.test.autoconfigure.web.client.MockRestServiceServerResetTestExecutionListener, org.springframework.boot.test.autoconfigure.web.servlet.MockMvcPrintOnlyOnFailureTestExecutionListener, org.springframework.boot.test.autoconfigure.web.servlet.WebDriverTestExecutionListener, org.springframework.boot.test.autoconfigure.webservices.client.MockWebServiceServerTestExecutionListener, org.springframework.test.context.web.ServletTestExecutionListener, org.springframework.test.context.support.DirtiesContextBeforeModesTestExecutionListener, org.springframework.test.context.support.DependencyInjectionTestExecutionListener, org.springframework.test.context.support.DirtiesContextTestExecutionListener, org.springframework.test.context.transaction.TransactionalTestExecutionListener, org.springframework.test.context.jdbc.SqlScriptsTestExecutionListener, org.springframework.test.context.event.EventPublishingTestExecutionListener]
2021-01-12T20:33:38.118+0000 734  [main] INFO o.s.b.t.c.SpringBootTestContextBootstrapper - Using TestExecutionListeners: [org.springframework.test.context.web.ServletTestExecutionListener@25ddbbbb, org.springframework.test.context.support.DirtiesContextBeforeModesTestExecutionListener@1536602f, org.springframework.boot.test.mock.mockito.MockitoTestExecutionListener@4ebea12c, org.springframework.boot.test.autoconfigure.SpringBootDependencyInjectionTestExecutionListener@2a1edad4, org.springframework.test.context.support.DirtiesContextTestExecutionListener@6256ac4f, org.springframework.test.context.transaction.TransactionalTestExecutionListener@44c79f32, org.springframework.test.context.jdbc.SqlScriptsTestExecutionListener@7fcbe147, org.springframework.test.context.event.EventPublishingTestExecutionListener@235f4c10, org.springframework.boot.test.mock.mockito.ResetMocksTestExecutionListener@743cb8e0, org.springframework.boot.test.autoconfigure.restdocs.RestDocsTestExecutionListener@c7a975a, org.springframework.boot.test.autoconfigure.web.client.MockRestServiceServerResetTestExecutionListener@2c1b9e4b, org.springframework.boot.test.autoconfigure.web.servlet.MockMvcPrintOnlyOnFailureTestExecutionListener@757d6814, org.springframework.boot.test.autoconfigure.web.servlet.WebDriverTestExecutionListener@649725e3, org.springframework.boot.test.autoconfigure.webservices.client.MockWebServiceServerTestExecutionListener@3c0fae6c]
2021-01-12T20:34:39.709+0000 345  [main] INFO o.s.b.t.c.SpringBootTestContextBootstrapper - Neither @ContextConfiguration nor @ContextHierarchy found for test class [projecto.service.TarefaServiceImplTest], using SpringBootContextLoader
2021-01-12T20:34:39.725+0000 361  [main] INFO o.s.t.c.s.AbstractContextLoader - Could not detect default resource locations for test class [projecto.service.TarefaServiceImplTest]: no resource found for suffixes {-context.xml, Context.groovy}.
2021-01-12T20:34:39.919+0000 555  [main] INFO o.s.b.t.c.SpringBootTestContextBootstrapper - Loaded default TestExecutionListener class names from location [META-INF/spring.factories]: [org.springframework.boot.test.mock.mockito.MockitoTestExecutionListener, org.springframework.boot.test.mock.mockito.ResetMocksTestExecutionListener, org.springframework.boot.test.autoconfigure.restdocs.RestDocsTestExecutionListener, org.springframework.boot.test.autoconfigure.web.client.MockRestServiceServerResetTestExecutionListener, org.springframework.boot.test.autoconfigure.web.servlet.MockMvcPrintOnlyOnFailureTestExecutionListener, org.springframework.boot.test.autoconfigure.web.servlet.WebDriverTestExecutionListener, org.springframework.boot.test.autoconfigure.webservices.client.MockWebServiceServerTestExecutionListener, org.springframework.test.context.web.ServletTestExecutionListener, org.springframework.test.context.support.DirtiesContextBeforeModesTestExecutionListener, org.springframework.test.context.support.DependencyInjectionTestExecutionListener, org.springframework.test.context.support.DirtiesContextTestExecutionListener, org.springframework.test.context.transaction.TransactionalTestExecutionListener, org.springframework.test.context.jdbc.SqlScriptsTestExecutionListener, org.springframework.test.context.event.EventPublishingTestExecutionListener]
2021-01-12T20:34:39.951+0000 587  [main] INFO o.s.b.t.c.SpringBootTestContextBootstrapper - Using TestExecutionListeners: [org.springframework.test.context.web.ServletTestExecutionListener@4eb386df, org.springframework.test.context.support.DirtiesContextBeforeModesTestExecutionListener@79517588, org.springframework.boot.test.mock.mockito.MockitoTestExecutionListener@3a0baae5, org.springframework.boot.test.autoconfigure.SpringBootDependencyInjectionTestExecutionListener@7ac0e420, org.springframework.test.context.support.DirtiesContextTestExecutionListener@289710d9, org.springframework.test.context.transaction.TransactionalTestExecutionListener@5a18cd76, org.springframework.test.context.jdbc.SqlScriptsTestExecutionListener@3da30852, org.springframework.test.context.event.EventPublishingTestExecutionListener@403f0a22, org.springframework.boot.test.mock.mockito.ResetMocksTestExecutionListener@503ecb24, org.springframework.boot.test.autoconfigure.restdocs.RestDocsTestExecutionListener@4c51cf28, org.springframework.boot.test.autoconfigure.web.client.MockRestServiceServerResetTestExecutionListener@6995bf68, org.springframework.boot.test.autoconfigure.web.servlet.MockMvcPrintOnlyOnFailureTestExecutionListener@5143c662, org.springframework.boot.test.autoconfigure.web.servlet.WebDriverTestExecutionListener@77825085, org.springframework.boot.test.autoconfigure.webservices.client.MockWebServiceServerTestExecutionListener@3568f9d2]
2021-01-12T20:37:06.722+0000 312  [main] INFO o.s.b.t.c.SpringBootTestContextBootstrapper - Neither @ContextConfiguration nor @ContextHierarchy found for test class [projecto.service.TarefaServiceImplTest], using SpringBootContextLoader
2021-01-12T20:37:06.722+0000 312  [main] INFO o.s.t.c.s.AbstractContextLoader - Could not detect default resource locations for test class [projecto.service.TarefaServiceImplTest]: no resource found for suffixes {-context.xml, Context.groovy}.
2021-01-12T20:37:06.947+0000 537  [main] INFO o.s.b.t.c.SpringBootTestContextBootstrapper - Loaded default TestExecutionListener class names from location [META-INF/spring.factories]: [org.springframework.boot.test.mock.mockito.MockitoTestExecutionListener, org.springframework.boot.test.mock.mockito.ResetMocksTestExecutionListener, org.springframework.boot.test.autoconfigure.restdocs.RestDocsTestExecutionListener, org.springframework.boot.test.autoconfigure.web.client.MockRestServiceServerResetTestExecutionListener, org.springframework.boot.test.autoconfigure.web.servlet.MockMvcPrintOnlyOnFailureTestExecutionListener, org.springframework.boot.test.autoconfigure.web.servlet.WebDriverTestExecutionListener, org.springframework.boot.test.autoconfigure.webservices.client.MockWebServiceServerTestExecutionListener, org.springframework.test.context.web.ServletTestExecutionListener, org.springframework.test.context.support.DirtiesContextBeforeModesTestExecutionListener, org.springframework.test.context.support.DependencyInjectionTestExecutionListener, org.springframework.test.context.support.DirtiesContextTestExecutionListener, org.springframework.test.context.transaction.TransactionalTestExecutionListener, org.springframework.test.context.jdbc.SqlScriptsTestExecutionListener, org.springframework.test.context.event.EventPublishingTestExecutionListener]
2021-01-12T20:37:06.977+0000 567  [main] INFO o.s.b.t.c.SpringBootTestContextBootstrapper - Using TestExecutionListeners: [org.springframework.test.context.web.ServletTestExecutionListener@4eb386df, org.springframework.test.context.support.DirtiesContextBeforeModesTestExecutionListener@79517588, org.springframework.boot.test.mock.mockito.MockitoTestExecutionListener@3a0baae5, org.springframework.boot.test.autoconfigure.SpringBootDependencyInjectionTestExecutionListener@7ac0e420, org.springframework.test.context.support.DirtiesContextTestExecutionListener@289710d9, org.springframework.test.context.transaction.TransactionalTestExecutionListener@5a18cd76, org.springframework.test.context.jdbc.SqlScriptsTestExecutionListener@3da30852, org.springframework.test.context.event.EventPublishingTestExecutionListener@403f0a22, org.springframework.boot.test.mock.mockito.ResetMocksTestExecutionListener@503ecb24, org.springframework.boot.test.autoconfigure.restdocs.RestDocsTestExecutionListener@4c51cf28, org.springframework.boot.test.autoconfigure.web.client.MockRestServiceServerResetTestExecutionListener@6995bf68, org.springframework.boot.test.autoconfigure.web.servlet.MockMvcPrintOnlyOnFailureTestExecutionListener@5143c662, org.springframework.boot.test.autoconfigure.web.servlet.WebDriverTestExecutionListener@77825085, org.springframework.boot.test.autoconfigure.webservices.client.MockWebServiceServerTestExecutionListener@3568f9d2]
2021-01-12T20:37:34.248+0000 350  [main] INFO o.s.b.t.c.SpringBootTestContextBootstrapper - Neither @ContextConfiguration nor @ContextHierarchy found for test class [projecto.service.TarefaServiceImplTest], using SpringBootContextLoader
2021-01-12T20:37:34.248+0000 350  [main] INFO o.s.t.c.s.AbstractContextLoader - Could not detect default resource locations for test class [projecto.service.TarefaServiceImplTest]: no resource found for suffixes {-context.xml, Context.groovy}.
2021-01-12T20:37:34.495+0000 597  [main] INFO o.s.b.t.c.SpringBootTestContextBootstrapper - Loaded default TestExecutionListener class names from location [META-INF/spring.factories]: [org.springframework.boot.test.mock.mockito.MockitoTestExecutionListener, org.springframework.boot.test.mock.mockito.ResetMocksTestExecutionListener, org.springframework.boot.test.autoconfigure.restdocs.RestDocsTestExecutionListener, org.springframework.boot.test.autoconfigure.web.client.MockRestServiceServerResetTestExecutionListener, org.springframework.boot.test.autoconfigure.web.servlet.MockMvcPrintOnlyOnFailureTestExecutionListener, org.springframework.boot.test.autoconfigure.web.servlet.WebDriverTestExecutionListener, org.springframework.boot.test.autoconfigure.webservices.client.MockWebServiceServerTestExecutionListener, org.springframework.test.context.web.ServletTestExecutionListener, org.springframework.test.context.support.DirtiesContextBeforeModesTestExecutionListener, org.springframework.test.context.support.DependencyInjectionTestExecutionListener, org.springframework.test.context.support.DirtiesContextTestExecutionListener, org.springframework.test.context.transaction.TransactionalTestExecutionListener, org.springframework.test.context.jdbc.SqlScriptsTestExecutionListener, org.springframework.test.context.event.EventPublishingTestExecutionListener]
2021-01-12T20:37:34.515+0000 617  [main] INFO o.s.b.t.c.SpringBootTestContextBootstrapper - Using TestExecutionListeners: [org.springframework.test.context.web.ServletTestExecutionListener@423e4cbb, org.springframework.test.context.support.DirtiesContextBeforeModesTestExecutionListener@6e16b8b5, org.springframework.boot.test.mock.mockito.MockitoTestExecutionListener@43b4fe19, org.springframework.boot.test.autoconfigure.SpringBootDependencyInjectionTestExecutionListener@25ddbbbb, org.springframework.test.context.support.DirtiesContextTestExecutionListener@1536602f, org.springframework.test.context.transaction.TransactionalTestExecutionListener@4ebea12c, org.springframework.test.context.jdbc.SqlScriptsTestExecutionListener@2a1edad4, org.springframework.test.context.event.EventPublishingTestExecutionListener@6256ac4f, org.springframework.boot.test.mock.mockito.ResetMocksTestExecutionListener@44c79f32, org.springframework.boot.test.autoconfigure.restdocs.RestDocsTestExecutionListener@7fcbe147, org.springframework.boot.test.autoconfigure.web.client.MockRestServiceServerResetTestExecutionListener@235f4c10, org.springframework.boot.test.autoconfigure.web.servlet.MockMvcPrintOnlyOnFailureTestExecutionListener@743cb8e0, org.springframework.boot.test.autoconfigure.web.servlet.WebDriverTestExecutionListener@c7a975a, org.springframework.boot.test.autoconfigure.webservices.client.MockWebServiceServerTestExecutionListener@2c1b9e4b]
2021-01-12T20:39:18.071+0000 297  [main] INFO o.s.b.t.c.SpringBootTestContextBootstrapper - Neither @ContextConfiguration nor @ContextHierarchy found for test class [projecto.service.TarefaServiceImplTest], using SpringBootContextLoader
2021-01-12T20:39:18.091+0000 317  [main] INFO o.s.t.c.s.AbstractContextLoader - Could not detect default resource locations for test class [projecto.service.TarefaServiceImplTest]: no resource found for suffixes {-context.xml, Context.groovy}.
2021-01-12T20:39:18.288+0000 514  [main] INFO o.s.b.t.c.SpringBootTestContextBootstrapper - Loaded default TestExecutionListener class names from location [META-INF/spring.factories]: [org.springframework.boot.test.mock.mockito.MockitoTestExecutionListener, org.springframework.boot.test.mock.mockito.ResetMocksTestExecutionListener, org.springframework.boot.test.autoconfigure.restdocs.RestDocsTestExecutionListener, org.springframework.boot.test.autoconfigure.web.client.MockRestServiceServerResetTestExecutionListener, org.springframework.boot.test.autoconfigure.web.servlet.MockMvcPrintOnlyOnFailureTestExecutionListener, org.springframework.boot.test.autoconfigure.web.servlet.WebDriverTestExecutionListener, org.springframework.boot.test.autoconfigure.webservices.client.MockWebServiceServerTestExecutionListener, org.springframework.test.context.web.ServletTestExecutionListener, org.springframework.test.context.support.DirtiesContextBeforeModesTestExecutionListener, org.springframework.test.context.support.DependencyInjectionTestExecutionListener, org.springframework.test.context.support.DirtiesContextTestExecutionListener, org.springframework.test.context.transaction.TransactionalTestExecutionListener, org.springframework.test.context.jdbc.SqlScriptsTestExecutionListener, org.springframework.test.context.event.EventPublishingTestExecutionListener]
2021-01-12T20:39:18.308+0000 534  [main] INFO o.s.b.t.c.SpringBootTestContextBootstrapper - Using TestExecutionListeners: [org.springframework.test.context.web.ServletTestExecutionListener@4eb386df, org.springframework.test.context.support.DirtiesContextBeforeModesTestExecutionListener@79517588, org.springframework.boot.test.mock.mockito.MockitoTestExecutionListener@3a0baae5, org.springframework.boot.test.autoconfigure.SpringBootDependencyInjectionTestExecutionListener@7ac0e420, org.springframework.test.context.support.DirtiesContextTestExecutionListener@289710d9, org.springframework.test.context.transaction.TransactionalTestExecutionListener@5a18cd76, org.springframework.test.context.jdbc.SqlScriptsTestExecutionListener@3da30852, org.springframework.test.context.event.EventPublishingTestExecutionListener@403f0a22, org.springframework.boot.test.mock.mockito.ResetMocksTestExecutionListener@503ecb24, org.springframework.boot.test.autoconfigure.restdocs.RestDocsTestExecutionListener@4c51cf28, org.springframework.boot.test.autoconfigure.web.client.MockRestServiceServerResetTestExecutionListener@6995bf68, org.springframework.boot.test.autoconfigure.web.servlet.MockMvcPrintOnlyOnFailureTestExecutionListener@5143c662, org.springframework.boot.test.autoconfigure.web.servlet.WebDriverTestExecutionListener@77825085, org.springframework.boot.test.autoconfigure.webservices.client.MockWebServiceServerTestExecutionListener@3568f9d2]
2021-01-12T20:39:49.368+0000 412  [main] INFO o.s.b.t.c.SpringBootTestContextBootstrapper - Neither @ContextConfiguration nor @ContextHierarchy found for test class [projecto.service.TarefaServiceImplTest], using SpringBootContextLoader
2021-01-12T20:39:49.375+0000 419  [main] INFO o.s.t.c.s.AbstractContextLoader - Could not detect default resource locations for test class [projecto.service.TarefaServiceImplTest]: no resource found for suffixes {-context.xml, Context.groovy}.
2021-01-12T20:39:49.603+0000 647  [main] INFO o.s.b.t.c.SpringBootTestContextBootstrapper - Loaded default TestExecutionListener class names from location [META-INF/spring.factories]: [org.springframework.boot.test.mock.mockito.MockitoTestExecutionListener, org.springframework.boot.test.mock.mockito.ResetMocksTestExecutionListener, org.springframework.boot.test.autoconfigure.restdocs.RestDocsTestExecutionListener, org.springframework.boot.test.autoconfigure.web.client.MockRestServiceServerResetTestExecutionListener, org.springframework.boot.test.autoconfigure.web.servlet.MockMvcPrintOnlyOnFailureTestExecutionListener, org.springframework.boot.test.autoconfigure.web.servlet.WebDriverTestExecutionListener, org.springframework.boot.test.autoconfigure.webservices.client.MockWebServiceServerTestExecutionListener, org.springframework.test.context.web.ServletTestExecutionListener, org.springframework.test.context.support.DirtiesContextBeforeModesTestExecutionListener, org.springframework.test.context.support.DependencyInjectionTestExecutionListener, org.springframework.test.context.support.DirtiesContextTestExecutionListener, org.springframework.test.context.transaction.TransactionalTestExecutionListener, org.springframework.test.context.jdbc.SqlScriptsTestExecutionListener, org.springframework.test.context.event.EventPublishingTestExecutionListener]
2021-01-12T20:39:49.633+0000 677  [main] INFO o.s.b.t.c.SpringBootTestContextBootstrapper - Using TestExecutionListeners: [org.springframework.test.context.web.ServletTestExecutionListener@4eb386df, org.springframework.test.context.support.DirtiesContextBeforeModesTestExecutionListener@79517588, org.springframework.boot.test.mock.mockito.MockitoTestExecutionListener@3a0baae5, org.springframework.boot.test.autoconfigure.SpringBootDependencyInjectionTestExecutionListener@7ac0e420, org.springframework.test.context.support.DirtiesContextTestExecutionListener@289710d9, org.springframework.test.context.transaction.TransactionalTestExecutionListener@5a18cd76, org.springframework.test.context.jdbc.SqlScriptsTestExecutionListener@3da30852, org.springframework.test.context.event.EventPublishingTestExecutionListener@403f0a22, org.springframework.boot.test.mock.mockito.ResetMocksTestExecutionListener@503ecb24, org.springframework.boot.test.autoconfigure.restdocs.RestDocsTestExecutionListener@4c51cf28, org.springframework.boot.test.autoconfigure.web.client.MockRestServiceServerResetTestExecutionListener@6995bf68, org.springframework.boot.test.autoconfigure.web.servlet.MockMvcPrintOnlyOnFailureTestExecutionListener@5143c662, org.springframework.boot.test.autoconfigure.web.servlet.WebDriverTestExecutionListener@77825085, org.springframework.boot.test.autoconfigure.webservices.client.MockWebServiceServerTestExecutionListener@3568f9d2]
2021-01-12T20:41:25.044+0000 392  [main] INFO o.s.b.t.c.SpringBootTestContextBootstrapper - Neither @ContextConfiguration nor @ContextHierarchy found for test class [projecto.service.TarefaServiceImplTest], using SpringBootContextLoader
2021-01-12T20:41:25.058+0000 406  [main] INFO o.s.t.c.s.AbstractContextLoader - Could not detect default resource locations for test class [projecto.service.TarefaServiceImplTest]: no resource found for suffixes {-context.xml, Context.groovy}.
2021-01-12T20:41:25.343+0000 691  [main] INFO o.s.b.t.c.SpringBootTestContextBootstrapper - Loaded default TestExecutionListener class names from location [META-INF/spring.factories]: [org.springframework.boot.test.mock.mockito.MockitoTestExecutionListener, org.springframework.boot.test.mock.mockito.ResetMocksTestExecutionListener, org.springframework.boot.test.autoconfigure.restdocs.RestDocsTestExecutionListener, org.springframework.boot.test.autoconfigure.web.client.MockRestServiceServerResetTestExecutionListener, org.springframework.boot.test.autoconfigure.web.servlet.MockMvcPrintOnlyOnFailureTestExecutionListener, org.springframework.boot.test.autoconfigure.web.servlet.WebDriverTestExecutionListener, org.springframework.boot.test.autoconfigure.webservices.client.MockWebServiceServerTestExecutionListener, org.springframework.test.context.web.ServletTestExecutionListener, org.springframework.test.context.support.DirtiesContextBeforeModesTestExecutionListener, org.springframework.test.context.support.DependencyInjectionTestExecutionListener, org.springframework.test.context.support.DirtiesContextTestExecutionListener, org.springframework.test.context.transaction.TransactionalTestExecutionListener, org.springframework.test.context.jdbc.SqlScriptsTestExecutionListener, org.springframework.test.context.event.EventPublishingTestExecutionListener]
2021-01-12T20:41:25.361+0000 709  [main] INFO o.s.b.t.c.SpringBootTestContextBootstrapper - Using TestExecutionListeners: [org.springframework.test.context.web.ServletTestExecutionListener@4eb386df, org.springframework.test.context.support.DirtiesContextBeforeModesTestExecutionListener@79517588, org.springframework.boot.test.mock.mockito.MockitoTestExecutionListener@3a0baae5, org.springframework.boot.test.autoconfigure.SpringBootDependencyInjectionTestExecutionListener@7ac0e420, org.springframework.test.context.support.DirtiesContextTestExecutionListener@289710d9, org.springframework.test.context.transaction.TransactionalTestExecutionListener@5a18cd76, org.springframework.test.context.jdbc.SqlScriptsTestExecutionListener@3da30852, org.springframework.test.context.event.EventPublishingTestExecutionListener@403f0a22, org.springframework.boot.test.mock.mockito.ResetMocksTestExecutionListener@503ecb24, org.springframework.boot.test.autoconfigure.restdocs.RestDocsTestExecutionListener@4c51cf28, org.springframework.boot.test.autoconfigure.web.client.MockRestServiceServerResetTestExecutionListener@6995bf68, org.springframework.boot.test.autoconfigure.web.servlet.MockMvcPrintOnlyOnFailureTestExecutionListener@5143c662, org.springframework.boot.test.autoconfigure.web.servlet.WebDriverTestExecutionListener@77825085, org.springframework.boot.test.autoconfigure.webservices.client.MockWebServiceServerTestExecutionListener@3568f9d2]
2021-01-12T20:45:56.898+0000 348  [main] INFO o.s.b.t.c.SpringBootTestContextBootstrapper - Neither @ContextConfiguration nor @ContextHierarchy found for test class [projecto.service.TarefaServiceImplTest], using SpringBootContextLoader
2021-01-12T20:45:56.905+0000 355  [main] INFO o.s.t.c.s.AbstractContextLoader - Could not detect default resource locations for test class [projecto.service.TarefaServiceImplTest]: no resource found for suffixes {-context.xml, Context.groovy}.
2021-01-12T20:45:57.099+0000 549  [main] INFO o.s.b.t.c.SpringBootTestContextBootstrapper - Loaded default TestExecutionListener class names from location [META-INF/spring.factories]: [org.springframework.boot.test.mock.mockito.MockitoTestExecutionListener, org.springframework.boot.test.mock.mockito.ResetMocksTestExecutionListener, org.springframework.boot.test.autoconfigure.restdocs.RestDocsTestExecutionListener, org.springframework.boot.test.autoconfigure.web.client.MockRestServiceServerResetTestExecutionListener, org.springframework.boot.test.autoconfigure.web.servlet.MockMvcPrintOnlyOnFailureTestExecutionListener, org.springframework.boot.test.autoconfigure.web.servlet.WebDriverTestExecutionListener, org.springframework.boot.test.autoconfigure.webservices.client.MockWebServiceServerTestExecutionListener, org.springframework.test.context.web.ServletTestExecutionListener, org.springframework.test.context.support.DirtiesContextBeforeModesTestExecutionListener, org.springframework.test.context.support.DependencyInjectionTestExecutionListener, org.springframework.test.context.support.DirtiesContextTestExecutionListener, org.springframework.test.context.transaction.TransactionalTestExecutionListener, org.springframework.test.context.jdbc.SqlScriptsTestExecutionListener, org.springframework.test.context.event.EventPublishingTestExecutionListener]
2021-01-12T20:45:57.130+0000 580  [main] INFO o.s.b.t.c.SpringBootTestContextBootstrapper - Using TestExecutionListeners: [org.springframework.test.context.web.ServletTestExecutionListener@79517588, org.springframework.test.context.support.DirtiesContextBeforeModesTestExecutionListener@3a0baae5, org.springframework.boot.test.mock.mockito.MockitoTestExecutionListener@7ac0e420, org.springframework.boot.test.autoconfigure.SpringBootDependencyInjectionTestExecutionListener@289710d9, org.springframework.test.context.support.DirtiesContextTestExecutionListener@5a18cd76, org.springframework.test.context.transaction.TransactionalTestExecutionListener@3da30852, org.springframework.test.context.jdbc.SqlScriptsTestExecutionListener@403f0a22, org.springframework.test.context.event.EventPublishingTestExecutionListener@503ecb24, org.springframework.boot.test.mock.mockito.ResetMocksTestExecutionListener@4c51cf28, org.springframework.boot.test.autoconfigure.restdocs.RestDocsTestExecutionListener@6995bf68, org.springframework.boot.test.autoconfigure.web.client.MockRestServiceServerResetTestExecutionListener@5143c662, org.springframework.boot.test.autoconfigure.web.servlet.MockMvcPrintOnlyOnFailureTestExecutionListener@77825085, org.springframework.boot.test.autoconfigure.web.servlet.WebDriverTestExecutionListener@3568f9d2, org.springframework.boot.test.autoconfigure.webservices.client.MockWebServiceServerTestExecutionListener@71c27ee8]
2021-01-12T20:48:02.547+0000 342  [main] INFO o.s.b.t.c.SpringBootTestContextBootstrapper - Neither @ContextConfiguration nor @ContextHierarchy found for test class [projecto.service.TarefaServiceImplTest], using SpringBootContextLoader
2021-01-12T20:48:02.555+0000 350  [main] INFO o.s.t.c.s.AbstractContextLoader - Could not detect default resource locations for test class [projecto.service.TarefaServiceImplTest]: no resource found for suffixes {-context.xml, Context.groovy}.
2021-01-12T20:48:02.777+0000 572  [main] INFO o.s.b.t.c.SpringBootTestContextBootstrapper - Loaded default TestExecutionListener class names from location [META-INF/spring.factories]: [org.springframework.boot.test.mock.mockito.MockitoTestExecutionListener, org.springframework.boot.test.mock.mockito.ResetMocksTestExecutionListener, org.springframework.boot.test.autoconfigure.restdocs.RestDocsTestExecutionListener, org.springframework.boot.test.autoconfigure.web.client.MockRestServiceServerResetTestExecutionListener, org.springframework.boot.test.autoconfigure.web.servlet.MockMvcPrintOnlyOnFailureTestExecutionListener, org.springframework.boot.test.autoconfigure.web.servlet.WebDriverTestExecutionListener, org.springframework.boot.test.autoconfigure.webservices.client.MockWebServiceServerTestExecutionListener, org.springframework.test.context.web.ServletTestExecutionListener, org.springframework.test.context.support.DirtiesContextBeforeModesTestExecutionListener, org.springframework.test.context.support.DependencyInjectionTestExecutionListener, org.springframework.test.context.support.DirtiesContextTestExecutionListener, org.springframework.test.context.transaction.TransactionalTestExecutionListener, org.springframework.test.context.jdbc.SqlScriptsTestExecutionListener, org.springframework.test.context.event.EventPublishingTestExecutionListener]
2021-01-12T20:48:02.796+0000 591  [main] INFO o.s.b.t.c.SpringBootTestContextBootstrapper - Using TestExecutionListeners: [org.springframework.test.context.web.ServletTestExecutionListener@79517588, org.springframework.test.context.support.DirtiesContextBeforeModesTestExecutionListener@3a0baae5, org.springframework.boot.test.mock.mockito.MockitoTestExecutionListener@7ac0e420, org.springframework.boot.test.autoconfigure.SpringBootDependencyInjectionTestExecutionListener@289710d9, org.springframework.test.context.support.DirtiesContextTestExecutionListener@5a18cd76, org.springframework.test.context.transaction.TransactionalTestExecutionListener@3da30852, org.springframework.test.context.jdbc.SqlScriptsTestExecutionListener@403f0a22, org.springframework.test.context.event.EventPublishingTestExecutionListener@503ecb24, org.springframework.boot.test.mock.mockito.ResetMocksTestExecutionListener@4c51cf28, org.springframework.boot.test.autoconfigure.restdocs.RestDocsTestExecutionListener@6995bf68, org.springframework.boot.test.autoconfigure.web.client.MockRestServiceServerResetTestExecutionListener@5143c662, org.springframework.boot.test.autoconfigure.web.servlet.MockMvcPrintOnlyOnFailureTestExecutionListener@77825085, org.springframework.boot.test.autoconfigure.web.servlet.WebDriverTestExecutionListener@3568f9d2, org.springframework.boot.test.autoconfigure.webservices.client.MockWebServiceServerTestExecutionListener@71c27ee8]
2021-01-12T20:49:21.201+0000 334  [main] INFO o.s.b.t.c.SpringBootTestContextBootstrapper - Neither @ContextConfiguration nor @ContextHierarchy found for test class [projecto.service.TarefaServiceImplTest], using SpringBootContextLoader
2021-01-12T20:49:21.211+0000 344  [main] INFO o.s.t.c.s.AbstractContextLoader - Could not detect default resource locations for test class [projecto.service.TarefaServiceImplTest]: no resource found for suffixes {-context.xml, Context.groovy}.
2021-01-12T20:49:21.381+0000 514  [main] INFO o.s.b.t.c.SpringBootTestContextBootstrapper - Loaded default TestExecutionListener class names from location [META-INF/spring.factories]: [org.springframework.boot.test.mock.mockito.MockitoTestExecutionListener, org.springframework.boot.test.mock.mockito.ResetMocksTestExecutionListener, org.springframework.boot.test.autoconfigure.restdocs.RestDocsTestExecutionListener, org.springframework.boot.test.autoconfigure.web.client.MockRestServiceServerResetTestExecutionListener, org.springframework.boot.test.autoconfigure.web.servlet.MockMvcPrintOnlyOnFailureTestExecutionListener, org.springframework.boot.test.autoconfigure.web.servlet.WebDriverTestExecutionListener, org.springframework.boot.test.autoconfigure.webservices.client.MockWebServiceServerTestExecutionListener, org.springframework.test.context.web.ServletTestExecutionListener, org.springframework.test.context.support.DirtiesContextBeforeModesTestExecutionListener, org.springframework.test.context.support.DependencyInjectionTestExecutionListener, org.springframework.test.context.support.DirtiesContextTestExecutionListener, org.springframework.test.context.transaction.TransactionalTestExecutionListener, org.springframework.test.context.jdbc.SqlScriptsTestExecutionListener, org.springframework.test.context.event.EventPublishingTestExecutionListener]
2021-01-12T20:49:21.401+0000 534  [main] INFO o.s.b.t.c.SpringBootTestContextBootstrapper - Using TestExecutionListeners: [org.springframework.test.context.web.ServletTestExecutionListener@5a18cd76, org.springframework.test.context.support.DirtiesContextBeforeModesTestExecutionListener@3da30852, org.springframework.boot.test.mock.mockito.MockitoTestExecutionListener@403f0a22, org.springframework.boot.test.autoconfigure.SpringBootDependencyInjectionTestExecutionListener@503ecb24, org.springframework.test.context.support.DirtiesContextTestExecutionListener@4c51cf28, org.springframework.test.context.transaction.TransactionalTestExecutionListener@6995bf68, org.springframework.test.context.jdbc.SqlScriptsTestExecutionListener@5143c662, org.springframework.test.context.event.EventPublishingTestExecutionListener@77825085, org.springframework.boot.test.mock.mockito.ResetMocksTestExecutionListener@3568f9d2, org.springframework.boot.test.autoconfigure.restdocs.RestDocsTestExecutionListener@71c27ee8, org.springframework.boot.test.autoconfigure.web.client.MockRestServiceServerResetTestExecutionListener@3e7dd664, org.springframework.boot.test.autoconfigure.web.servlet.MockMvcPrintOnlyOnFailureTestExecutionListener@5b1ebf56, org.springframework.boot.test.autoconfigure.web.servlet.WebDriverTestExecutionListener@294a6b8e, org.springframework.boot.test.autoconfigure.webservices.client.MockWebServiceServerTestExecutionListener@4b1d6571]
2021-01-12T20:49:44.265+0000 372  [main] INFO o.s.b.t.c.SpringBootTestContextBootstrapper - Neither @ContextConfiguration nor @ContextHierarchy found for test class [projecto.service.TarefaServiceImplTest], using SpringBootContextLoader
2021-01-12T20:49:44.265+0000 372  [main] INFO o.s.t.c.s.AbstractContextLoader - Could not detect default resource locations for test class [projecto.service.TarefaServiceImplTest]: no resource found for suffixes {-context.xml, Context.groovy}.
2021-01-12T20:49:44.455+0000 562  [main] INFO o.s.b.t.c.SpringBootTestContextBootstrapper - Loaded default TestExecutionListener class names from location [META-INF/spring.factories]: [org.springframework.boot.test.mock.mockito.MockitoTestExecutionListener, org.springframework.boot.test.mock.mockito.ResetMocksTestExecutionListener, org.springframework.boot.test.autoconfigure.restdocs.RestDocsTestExecutionListener, org.springframework.boot.test.autoconfigure.web.client.MockRestServiceServerResetTestExecutionListener, org.springframework.boot.test.autoconfigure.web.servlet.MockMvcPrintOnlyOnFailureTestExecutionListener, org.springframework.boot.test.autoconfigure.web.servlet.WebDriverTestExecutionListener, org.springframework.boot.test.autoconfigure.webservices.client.MockWebServiceServerTestExecutionListener, org.springframework.test.context.web.ServletTestExecutionListener, org.springframework.test.context.support.DirtiesContextBeforeModesTestExecutionListener, org.springframework.test.context.support.DependencyInjectionTestExecutionListener, org.springframework.test.context.support.DirtiesContextTestExecutionListener, org.springframework.test.context.transaction.TransactionalTestExecutionListener, org.springframework.test.context.jdbc.SqlScriptsTestExecutionListener, org.springframework.test.context.event.EventPublishingTestExecutionListener]
2021-01-12T20:49:44.475+0000 582  [main] INFO o.s.b.t.c.SpringBootTestContextBootstrapper - Using TestExecutionListeners: [org.springframework.test.context.web.ServletTestExecutionListener@43b4fe19, org.springframework.test.context.support.DirtiesContextBeforeModesTestExecutionListener@25ddbbbb, org.springframework.boot.test.mock.mockito.MockitoTestExecutionListener@1536602f, org.springframework.boot.test.autoconfigure.SpringBootDependencyInjectionTestExecutionListener@4ebea12c, org.springframework.test.context.support.DirtiesContextTestExecutionListener@2a1edad4, org.springframework.test.context.transaction.TransactionalTestExecutionListener@6256ac4f, org.springframework.test.context.jdbc.SqlScriptsTestExecutionListener@44c79f32, org.springframework.test.context.event.EventPublishingTestExecutionListener@7fcbe147, org.springframework.boot.test.mock.mockito.ResetMocksTestExecutionListener@235f4c10, org.springframework.boot.test.autoconfigure.restdocs.RestDocsTestExecutionListener@743cb8e0, org.springframework.boot.test.autoconfigure.web.client.MockRestServiceServerResetTestExecutionListener@c7a975a, org.springframework.boot.test.autoconfigure.web.servlet.MockMvcPrintOnlyOnFailureTestExecutionListener@2c1b9e4b, org.springframework.boot.test.autoconfigure.web.servlet.WebDriverTestExecutionListener@757d6814, org.springframework.boot.test.autoconfigure.webservices.client.MockWebServiceServerTestExecutionListener@649725e3]
2021-01-12T21:01:19.898+0000 405  [main] INFO o.s.b.t.c.SpringBootTestContextBootstrapper - Neither @ContextConfiguration nor @ContextHierarchy found for test class [projecto.service.TarefaServiceImplTest], using SpringBootContextLoader
2021-01-12T21:01:19.907+0000 414  [main] INFO o.s.t.c.s.AbstractContextLoader - Could not detect default resource locations for test class [projecto.service.TarefaServiceImplTest]: no resource found for suffixes {-context.xml, Context.groovy}.
2021-01-12T21:01:20.189+0000 696  [main] INFO o.s.b.t.c.SpringBootTestContextBootstrapper - Loaded default TestExecutionListener class names from location [META-INF/spring.factories]: [org.springframework.boot.test.mock.mockito.MockitoTestExecutionListener, org.springframework.boot.test.mock.mockito.ResetMocksTestExecutionListener, org.springframework.boot.test.autoconfigure.restdocs.RestDocsTestExecutionListener, org.springframework.boot.test.autoconfigure.web.client.MockRestServiceServerResetTestExecutionListener, org.springframework.boot.test.autoconfigure.web.servlet.MockMvcPrintOnlyOnFailureTestExecutionListener, org.springframework.boot.test.autoconfigure.web.servlet.WebDriverTestExecutionListener, org.springframework.boot.test.autoconfigure.webservices.client.MockWebServiceServerTestExecutionListener, org.springframework.test.context.web.ServletTestExecutionListener, org.springframework.test.context.support.DirtiesContextBeforeModesTestExecutionListener, org.springframework.test.context.support.DependencyInjectionTestExecutionListener, org.springframework.test.context.support.DirtiesContextTestExecutionListener, org.springframework.test.context.transaction.TransactionalTestExecutionListener, org.springframework.test.context.jdbc.SqlScriptsTestExecutionListener, org.springframework.test.context.event.EventPublishingTestExecutionListener]
2021-01-12T21:01:20.224+0000 731  [main] INFO o.s.b.t.c.SpringBootTestContextBootstrapper - Using TestExecutionListeners: [org.springframework.test.context.web.ServletTestExecutionListener@289710d9, org.springframework.test.context.support.DirtiesContextBeforeModesTestExecutionListener@5a18cd76, org.springframework.boot.test.mock.mockito.MockitoTestExecutionListener@3da30852, org.springframework.boot.test.autoconfigure.SpringBootDependencyInjectionTestExecutionListener@403f0a22, org.springframework.test.context.support.DirtiesContextTestExecutionListener@503ecb24, org.springframework.test.context.transaction.TransactionalTestExecutionListener@4c51cf28, org.springframework.test.context.jdbc.SqlScriptsTestExecutionListener@6995bf68, org.springframework.test.context.event.EventPublishingTestExecutionListener@5143c662, org.springframework.boot.test.mock.mockito.ResetMocksTestExecutionListener@77825085, org.springframework.boot.test.autoconfigure.restdocs.RestDocsTestExecutionListener@3568f9d2, org.springframework.boot.test.autoconfigure.web.client.MockRestServiceServerResetTestExecutionListener@71c27ee8, org.springframework.boot.test.autoconfigure.web.servlet.MockMvcPrintOnlyOnFailureTestExecutionListener@3e7dd664, org.springframework.boot.test.autoconfigure.web.servlet.WebDriverTestExecutionListener@5b1ebf56, org.springframework.boot.test.autoconfigure.webservices.client.MockWebServiceServerTestExecutionListener@294a6b8e]
2021-01-12T21:02:07.030+0000 465  [main] INFO o.s.b.t.c.SpringBootTestContextBootstrapper - Neither @ContextConfiguration nor @ContextHierarchy found for test class [projecto.service.TarefaServiceImplTest], using SpringBootContextLoader
2021-01-12T21:02:07.039+0000 474  [main] INFO o.s.t.c.s.AbstractContextLoader - Could not detect default resource locations for test class [projecto.service.TarefaServiceImplTest]: no resource found for suffixes {-context.xml, Context.groovy}.
2021-01-12T21:02:07.323+0000 758  [main] INFO o.s.b.t.c.SpringBootTestContextBootstrapper - Loaded default TestExecutionListener class names from location [META-INF/spring.factories]: [org.springframework.boot.test.mock.mockito.MockitoTestExecutionListener, org.springframework.boot.test.mock.mockito.ResetMocksTestExecutionListener, org.springframework.boot.test.autoconfigure.restdocs.RestDocsTestExecutionListener, org.springframework.boot.test.autoconfigure.web.client.MockRestServiceServerResetTestExecutionListener, org.springframework.boot.test.autoconfigure.web.servlet.MockMvcPrintOnlyOnFailureTestExecutionListener, org.springframework.boot.test.autoconfigure.web.servlet.WebDriverTestExecutionListener, org.springframework.boot.test.autoconfigure.webservices.client.MockWebServiceServerTestExecutionListener, org.springframework.test.context.web.ServletTestExecutionListener, org.springframework.test.context.support.DirtiesContextBeforeModesTestExecutionListener, org.springframework.test.context.support.DependencyInjectionTestExecutionListener, org.springframework.test.context.support.DirtiesContextTestExecutionListener, org.springframework.test.context.transaction.TransactionalTestExecutionListener, org.springframework.test.context.jdbc.SqlScriptsTestExecutionListener, org.springframework.test.context.event.EventPublishingTestExecutionListener]
2021-01-12T21:02:07.343+0000 778  [main] INFO o.s.b.t.c.SpringBootTestContextBootstrapper - Using TestExecutionListeners: [org.springframework.test.context.web.ServletTestExecutionListener@289710d9, org.springframework.test.context.support.DirtiesContextBeforeModesTestExecutionListener@5a18cd76, org.springframework.boot.test.mock.mockito.MockitoTestExecutionListener@3da30852, org.springframework.boot.test.autoconfigure.SpringBootDependencyInjectionTestExecutionListener@403f0a22, org.springframework.test.context.support.DirtiesContextTestExecutionListener@503ecb24, org.springframework.test.context.transaction.TransactionalTestExecutionListener@4c51cf28, org.springframework.test.context.jdbc.SqlScriptsTestExecutionListener@6995bf68, org.springframework.test.context.event.EventPublishingTestExecutionListener@5143c662, org.springframework.boot.test.mock.mockito.ResetMocksTestExecutionListener@77825085, org.springframework.boot.test.autoconfigure.restdocs.RestDocsTestExecutionListener@3568f9d2, org.springframework.boot.test.autoconfigure.web.client.MockRestServiceServerResetTestExecutionListener@71c27ee8, org.springframework.boot.test.autoconfigure.web.servlet.MockMvcPrintOnlyOnFailureTestExecutionListener@3e7dd664, org.springframework.boot.test.autoconfigure.web.servlet.WebDriverTestExecutionListener@5b1ebf56, org.springframework.boot.test.autoconfigure.webservices.client.MockWebServiceServerTestExecutionListener@294a6b8e]
2021-01-12T21:02:17.095+0000 409  [main] INFO o.s.b.t.c.SpringBootTestContextBootstrapper - Neither @ContextConfiguration nor @ContextHierarchy found for test class [projecto.service.TarefaServiceImplTest], using SpringBootContextLoader
2021-01-12T21:02:17.104+0000 418  [main] INFO o.s.t.c.s.AbstractContextLoader - Could not detect default resource locations for test class [projecto.service.TarefaServiceImplTest]: no resource found for suffixes {-context.xml, Context.groovy}.
2021-01-12T21:02:17.388+0000 702  [main] INFO o.s.b.t.c.SpringBootTestContextBootstrapper - Loaded default TestExecutionListener class names from location [META-INF/spring.factories]: [org.springframework.boot.test.mock.mockito.MockitoTestExecutionListener, org.springframework.boot.test.mock.mockito.ResetMocksTestExecutionListener, org.springframework.boot.test.autoconfigure.restdocs.RestDocsTestExecutionListener, org.springframework.boot.test.autoconfigure.web.client.MockRestServiceServerResetTestExecutionListener, org.springframework.boot.test.autoconfigure.web.servlet.MockMvcPrintOnlyOnFailureTestExecutionListener, org.springframework.boot.test.autoconfigure.web.servlet.WebDriverTestExecutionListener, org.springframework.boot.test.autoconfigure.webservices.client.MockWebServiceServerTestExecutionListener, org.springframework.test.context.web.ServletTestExecutionListener, org.springframework.test.context.support.DirtiesContextBeforeModesTestExecutionListener, org.springframework.test.context.support.DependencyInjectionTestExecutionListener, org.springframework.test.context.support.DirtiesContextTestExecutionListener, org.springframework.test.context.transaction.TransactionalTestExecutionListener, org.springframework.test.context.jdbc.SqlScriptsTestExecutionListener, org.springframework.test.context.event.EventPublishingTestExecutionListener]
2021-01-12T21:02:17.407+0000 721  [main] INFO o.s.b.t.c.SpringBootTestContextBootstrapper - Using TestExecutionListeners: [org.springframework.test.context.web.ServletTestExecutionListener@289710d9, org.springframework.test.context.support.DirtiesContextBeforeModesTestExecutionListener@5a18cd76, org.springframework.boot.test.mock.mockito.MockitoTestExecutionListener@3da30852, org.springframework.boot.test.autoconfigure.SpringBootDependencyInjectionTestExecutionListener@403f0a22, org.springframework.test.context.support.DirtiesContextTestExecutionListener@503ecb24, org.springframework.test.context.transaction.TransactionalTestExecutionListener@4c51cf28, org.springframework.test.context.jdbc.SqlScriptsTestExecutionListener@6995bf68, org.springframework.test.context.event.EventPublishingTestExecutionListener@5143c662, org.springframework.boot.test.mock.mockito.ResetMocksTestExecutionListener@77825085, org.springframework.boot.test.autoconfigure.restdocs.RestDocsTestExecutionListener@3568f9d2, org.springframework.boot.test.autoconfigure.web.client.MockRestServiceServerResetTestExecutionListener@71c27ee8, org.springframework.boot.test.autoconfigure.web.servlet.MockMvcPrintOnlyOnFailureTestExecutionListener@3e7dd664, org.springframework.boot.test.autoconfigure.web.servlet.WebDriverTestExecutionListener@5b1ebf56, org.springframework.boot.test.autoconfigure.webservices.client.MockWebServiceServerTestExecutionListener@294a6b8e]
2021-01-12T21:02:45.185+0000 343  [main] INFO o.s.b.t.c.SpringBootTestContextBootstrapper - Neither @ContextConfiguration nor @ContextHierarchy found for test class [projecto.service.TarefaServiceImplTest], using SpringBootContextLoader
2021-01-12T21:02:45.194+0000 352  [main] INFO o.s.t.c.s.AbstractContextLoader - Could not detect default resource locations for test class [projecto.service.TarefaServiceImplTest]: no resource found for suffixes {-context.xml, Context.groovy}.
2021-01-12T21:02:45.443+0000 601  [main] INFO o.s.b.t.c.SpringBootTestContextBootstrapper - Loaded default TestExecutionListener class names from location [META-INF/spring.factories]: [org.springframework.boot.test.mock.mockito.MockitoTestExecutionListener, org.springframework.boot.test.mock.mockito.ResetMocksTestExecutionListener, org.springframework.boot.test.autoconfigure.restdocs.RestDocsTestExecutionListener, org.springframework.boot.test.autoconfigure.web.client.MockRestServiceServerResetTestExecutionListener, org.springframework.boot.test.autoconfigure.web.servlet.MockMvcPrintOnlyOnFailureTestExecutionListener, org.springframework.boot.test.autoconfigure.web.servlet.WebDriverTestExecutionListener, org.springframework.boot.test.autoconfigure.webservices.client.MockWebServiceServerTestExecutionListener, org.springframework.test.context.web.ServletTestExecutionListener, org.springframework.test.context.support.DirtiesContextBeforeModesTestExecutionListener, org.springframework.test.context.support.DependencyInjectionTestExecutionListener, org.springframework.test.context.support.DirtiesContextTestExecutionListener, org.springframework.test.context.transaction.TransactionalTestExecutionListener, org.springframework.test.context.jdbc.SqlScriptsTestExecutionListener, org.springframework.test.context.event.EventPublishingTestExecutionListener]
2021-01-12T21:02:45.467+0000 625  [main] INFO o.s.b.t.c.SpringBootTestContextBootstrapper - Using TestExecutionListeners: [org.springframework.test.context.web.ServletTestExecutionListener@289710d9, org.springframework.test.context.support.DirtiesContextBeforeModesTestExecutionListener@5a18cd76, org.springframework.boot.test.mock.mockito.MockitoTestExecutionListener@3da30852, org.springframework.boot.test.autoconfigure.SpringBootDependencyInjectionTestExecutionListener@403f0a22, org.springframework.test.context.support.DirtiesContextTestExecutionListener@503ecb24, org.springframework.test.context.transaction.TransactionalTestExecutionListener@4c51cf28, org.springframework.test.context.jdbc.SqlScriptsTestExecutionListener@6995bf68, org.springframework.test.context.event.EventPublishingTestExecutionListener@5143c662, org.springframework.boot.test.mock.mockito.ResetMocksTestExecutionListener@77825085, org.springframework.boot.test.autoconfigure.restdocs.RestDocsTestExecutionListener@3568f9d2, org.springframework.boot.test.autoconfigure.web.client.MockRestServiceServerResetTestExecutionListener@71c27ee8, org.springframework.boot.test.autoconfigure.web.servlet.MockMvcPrintOnlyOnFailureTestExecutionListener@3e7dd664, org.springframework.boot.test.autoconfigure.web.servlet.WebDriverTestExecutionListener@5b1ebf56, org.springframework.boot.test.autoconfigure.webservices.client.MockWebServiceServerTestExecutionListener@294a6b8e]
2021-01-12T21:03:27.070+0000 369  [main] INFO o.s.b.t.c.SpringBootTestContextBootstrapper - Neither @ContextConfiguration nor @ContextHierarchy found for test class [projecto.service.TarefaServiceImplTest], using SpringBootContextLoader
2021-01-12T21:03:27.082+0000 381  [main] INFO o.s.t.c.s.AbstractContextLoader - Could not detect default resource locations for test class [projecto.service.TarefaServiceImplTest]: no resource found for suffixes {-context.xml, Context.groovy}.
2021-01-12T21:03:27.366+0000 665  [main] INFO o.s.b.t.c.SpringBootTestContextBootstrapper - Loaded default TestExecutionListener class names from location [META-INF/spring.factories]: [org.springframework.boot.test.mock.mockito.MockitoTestExecutionListener, org.springframework.boot.test.mock.mockito.ResetMocksTestExecutionListener, org.springframework.boot.test.autoconfigure.restdocs.RestDocsTestExecutionListener, org.springframework.boot.test.autoconfigure.web.client.MockRestServiceServerResetTestExecutionListener, org.springframework.boot.test.autoconfigure.web.servlet.MockMvcPrintOnlyOnFailureTestExecutionListener, org.springframework.boot.test.autoconfigure.web.servlet.WebDriverTestExecutionListener, org.springframework.boot.test.autoconfigure.webservices.client.MockWebServiceServerTestExecutionListener, org.springframework.test.context.web.ServletTestExecutionListener, org.springframework.test.context.support.DirtiesContextBeforeModesTestExecutionListener, org.springframework.test.context.support.DependencyInjectionTestExecutionListener, org.springframework.test.context.support.DirtiesContextTestExecutionListener, org.springframework.test.context.transaction.TransactionalTestExecutionListener, org.springframework.test.context.jdbc.SqlScriptsTestExecutionListener, org.springframework.test.context.event.EventPublishingTestExecutionListener]
2021-01-12T21:03:27.399+0000 698  [main] INFO o.s.b.t.c.SpringBootTestContextBootstrapper - Using TestExecutionListeners: [org.springframework.test.context.web.ServletTestExecutionListener@79517588, org.springframework.test.context.support.DirtiesContextBeforeModesTestExecutionListener@3a0baae5, org.springframework.boot.test.mock.mockito.MockitoTestExecutionListener@7ac0e420, org.springframework.boot.test.autoconfigure.SpringBootDependencyInjectionTestExecutionListener@289710d9, org.springframework.test.context.support.DirtiesContextTestExecutionListener@5a18cd76, org.springframework.test.context.transaction.TransactionalTestExecutionListener@3da30852, org.springframework.test.context.jdbc.SqlScriptsTestExecutionListener@403f0a22, org.springframework.test.context.event.EventPublishingTestExecutionListener@503ecb24, org.springframework.boot.test.mock.mockito.ResetMocksTestExecutionListener@4c51cf28, org.springframework.boot.test.autoconfigure.restdocs.RestDocsTestExecutionListener@6995bf68, org.springframework.boot.test.autoconfigure.web.client.MockRestServiceServerResetTestExecutionListener@5143c662, org.springframework.boot.test.autoconfigure.web.servlet.MockMvcPrintOnlyOnFailureTestExecutionListener@77825085, org.springframework.boot.test.autoconfigure.web.servlet.WebDriverTestExecutionListener@3568f9d2, org.springframework.boot.test.autoconfigure.webservices.client.MockWebServiceServerTestExecutionListener@71c27ee8]
2021-01-12T21:05:11.168+0000 569  [main] INFO o.s.b.t.c.SpringBootTestContextBootstrapper - Neither @ContextConfiguration nor @ContextHierarchy found for test class [projecto.service.TarefaServiceImplTest], using SpringBootContextLoader
2021-01-12T21:05:11.188+0000 589  [main] INFO o.s.t.c.s.AbstractContextLoader - Could not detect default resource locations for test class [projecto.service.TarefaServiceImplTest]: no resource found for suffixes {-context.xml, Context.groovy}.
2021-01-12T21:05:11.561+0000 962  [main] INFO o.s.b.t.c.SpringBootTestContextBootstrapper - Loaded default TestExecutionListener class names from location [META-INF/spring.factories]: [org.springframework.boot.test.mock.mockito.MockitoTestExecutionListener, org.springframework.boot.test.mock.mockito.ResetMocksTestExecutionListener, org.springframework.boot.test.autoconfigure.restdocs.RestDocsTestExecutionListener, org.springframework.boot.test.autoconfigure.web.client.MockRestServiceServerResetTestExecutionListener, org.springframework.boot.test.autoconfigure.web.servlet.MockMvcPrintOnlyOnFailureTestExecutionListener, org.springframework.boot.test.autoconfigure.web.servlet.WebDriverTestExecutionListener, org.springframework.boot.test.autoconfigure.webservices.client.MockWebServiceServerTestExecutionListener, org.springframework.test.context.web.ServletTestExecutionListener, org.springframework.test.context.support.DirtiesContextBeforeModesTestExecutionListener, org.springframework.test.context.support.DependencyInjectionTestExecutionListener, org.springframework.test.context.support.DirtiesContextTestExecutionListener, org.springframework.test.context.transaction.TransactionalTestExecutionListener, org.springframework.test.context.jdbc.SqlScriptsTestExecutionListener, org.springframework.test.context.event.EventPublishingTestExecutionListener]
2021-01-12T21:05:11.610+0000 1011 [main] INFO o.s.b.t.c.SpringBootTestContextBootstrapper - Using TestExecutionListeners: [org.springframework.test.context.web.ServletTestExecutionListener@40238dd0, org.springframework.test.context.support.DirtiesContextBeforeModesTestExecutionListener@7776ab, org.springframework.boot.test.mock.mockito.MockitoTestExecutionListener@79179359, org.springframework.boot.test.autoconfigure.SpringBootDependencyInjectionTestExecutionListener@dbd8e44, org.springframework.test.context.support.DirtiesContextTestExecutionListener@51acdf2e, org.springframework.test.context.transaction.TransactionalTestExecutionListener@6a55299e, org.springframework.test.context.jdbc.SqlScriptsTestExecutionListener@2f1de2d6, org.springframework.test.context.event.EventPublishingTestExecutionListener@4eb386df, org.springframework.boot.test.mock.mockito.ResetMocksTestExecutionListener@79517588, org.springframework.boot.test.autoconfigure.restdocs.RestDocsTestExecutionListener@3a0baae5, org.springframework.boot.test.autoconfigure.web.client.MockRestServiceServerResetTestExecutionListener@7ac0e420, org.springframework.boot.test.autoconfigure.web.servlet.MockMvcPrintOnlyOnFailureTestExecutionListener@289710d9, org.springframework.boot.test.autoconfigure.web.servlet.WebDriverTestExecutionListener@5a18cd76, org.springframework.boot.test.autoconfigure.webservices.client.MockWebServiceServerTestExecutionListener@3da30852]
2021-01-12T21:08:00.006+0000 500  [main] INFO o.s.b.t.c.SpringBootTestContextBootstrapper - Neither @ContextConfiguration nor @ContextHierarchy found for test class [projecto.service.TarefaServiceImplTest], using SpringBootContextLoader
2021-01-12T21:08:00.014+0000 508  [main] INFO o.s.t.c.s.AbstractContextLoader - Could not detect default resource locations for test class [projecto.service.TarefaServiceImplTest]: no resource found for suffixes {-context.xml, Context.groovy}.
2021-01-12T21:08:00.398+0000 892  [main] INFO o.s.b.t.c.SpringBootTestContextBootstrapper - Loaded default TestExecutionListener class names from location [META-INF/spring.factories]: [org.springframework.boot.test.mock.mockito.MockitoTestExecutionListener, org.springframework.boot.test.mock.mockito.ResetMocksTestExecutionListener, org.springframework.boot.test.autoconfigure.restdocs.RestDocsTestExecutionListener, org.springframework.boot.test.autoconfigure.web.client.MockRestServiceServerResetTestExecutionListener, org.springframework.boot.test.autoconfigure.web.servlet.MockMvcPrintOnlyOnFailureTestExecutionListener, org.springframework.boot.test.autoconfigure.web.servlet.WebDriverTestExecutionListener, org.springframework.boot.test.autoconfigure.webservices.client.MockWebServiceServerTestExecutionListener, org.springframework.test.context.web.ServletTestExecutionListener, org.springframework.test.context.support.DirtiesContextBeforeModesTestExecutionListener, org.springframework.test.context.support.DependencyInjectionTestExecutionListener, org.springframework.test.context.support.DirtiesContextTestExecutionListener, org.springframework.test.context.transaction.TransactionalTestExecutionListener, org.springframework.test.context.jdbc.SqlScriptsTestExecutionListener, org.springframework.test.context.event.EventPublishingTestExecutionListener]
2021-01-12T21:08:00.432+0000 926  [main] INFO o.s.b.t.c.SpringBootTestContextBootstrapper - Using TestExecutionListeners: [org.springframework.test.context.web.ServletTestExecutionListener@79517588, org.springframework.test.context.support.DirtiesContextBeforeModesTestExecutionListener@3a0baae5, org.springframework.boot.test.mock.mockito.MockitoTestExecutionListener@7ac0e420, org.springframework.boot.test.autoconfigure.SpringBootDependencyInjectionTestExecutionListener@289710d9, org.springframework.test.context.support.DirtiesContextTestExecutionListener@5a18cd76, org.springframework.test.context.transaction.TransactionalTestExecutionListener@3da30852, org.springframework.test.context.jdbc.SqlScriptsTestExecutionListener@403f0a22, org.springframework.test.context.event.EventPublishingTestExecutionListener@503ecb24, org.springframework.boot.test.mock.mockito.ResetMocksTestExecutionListener@4c51cf28, org.springframework.boot.test.autoconfigure.restdocs.RestDocsTestExecutionListener@6995bf68, org.springframework.boot.test.autoconfigure.web.client.MockRestServiceServerResetTestExecutionListener@5143c662, org.springframework.boot.test.autoconfigure.web.servlet.MockMvcPrintOnlyOnFailureTestExecutionListener@77825085, org.springframework.boot.test.autoconfigure.web.servlet.WebDriverTestExecutionListener@3568f9d2, org.springframework.boot.test.autoconfigure.webservices.client.MockWebServiceServerTestExecutionListener@71c27ee8]
2021-01-12T21:08:34.519+0000 536  [main] INFO o.s.b.t.c.SpringBootTestContextBootstrapper - Neither @ContextConfiguration nor @ContextHierarchy found for test class [projecto.service.TarefaServiceImplTest], using SpringBootContextLoader
2021-01-12T21:08:34.527+0000 544  [main] INFO o.s.t.c.s.AbstractContextLoader - Could not detect default resource locations for test class [projecto.service.TarefaServiceImplTest]: no resource found for suffixes {-context.xml, Context.groovy}.
2021-01-12T21:08:34.955+0000 972  [main] INFO o.s.b.t.c.SpringBootTestContextBootstrapper - Loaded default TestExecutionListener class names from location [META-INF/spring.factories]: [org.springframework.boot.test.mock.mockito.MockitoTestExecutionListener, org.springframework.boot.test.mock.mockito.ResetMocksTestExecutionListener, org.springframework.boot.test.autoconfigure.restdocs.RestDocsTestExecutionListener, org.springframework.boot.test.autoconfigure.web.client.MockRestServiceServerResetTestExecutionListener, org.springframework.boot.test.autoconfigure.web.servlet.MockMvcPrintOnlyOnFailureTestExecutionListener, org.springframework.boot.test.autoconfigure.web.servlet.WebDriverTestExecutionListener, org.springframework.boot.test.autoconfigure.webservices.client.MockWebServiceServerTestExecutionListener, org.springframework.test.context.web.ServletTestExecutionListener, org.springframework.test.context.support.DirtiesContextBeforeModesTestExecutionListener, org.springframework.test.context.support.DependencyInjectionTestExecutionListener, org.springframework.test.context.support.DirtiesContextTestExecutionListener, org.springframework.test.context.transaction.TransactionalTestExecutionListener, org.springframework.test.context.jdbc.SqlScriptsTestExecutionListener, org.springframework.test.context.event.EventPublishingTestExecutionListener]
2021-01-12T21:08:34.991+0000 1008 [main] INFO o.s.b.t.c.SpringBootTestContextBootstrapper - Using TestExecutionListeners: [org.springframework.test.context.web.ServletTestExecutionListener@dbd8e44, org.springframework.test.context.support.DirtiesContextBeforeModesTestExecutionListener@51acdf2e, org.springframework.boot.test.mock.mockito.MockitoTestExecutionListener@6a55299e, org.springframework.boot.test.autoconfigure.SpringBootDependencyInjectionTestExecutionListener@2f1de2d6, org.springframework.test.context.support.DirtiesContextTestExecutionListener@4eb386df, org.springframework.test.context.transaction.TransactionalTestExecutionListener@79517588, org.springframework.test.context.jdbc.SqlScriptsTestExecutionListener@3a0baae5, org.springframework.test.context.event.EventPublishingTestExecutionListener@7ac0e420, org.springframework.boot.test.mock.mockito.ResetMocksTestExecutionListener@289710d9, org.springframework.boot.test.autoconfigure.restdocs.RestDocsTestExecutionListener@5a18cd76, org.springframework.boot.test.autoconfigure.web.client.MockRestServiceServerResetTestExecutionListener@3da30852, org.springframework.boot.test.autoconfigure.web.servlet.MockMvcPrintOnlyOnFailureTestExecutionListener@403f0a22, org.springframework.boot.test.autoconfigure.web.servlet.WebDriverTestExecutionListener@503ecb24, org.springframework.boot.test.autoconfigure.webservices.client.MockWebServiceServerTestExecutionListener@4c51cf28]
2021-01-12T21:11:34.060+0000 451  [main] INFO o.s.b.t.c.SpringBootTestContextBootstrapper - Neither @ContextConfiguration nor @ContextHierarchy found for test class [projecto.service.TarefaServiceImplTest], using SpringBootContextLoader
2021-01-12T21:11:34.105+0000 496  [main] INFO o.s.t.c.s.AbstractContextLoader - Could not detect default resource locations for test class [projecto.service.TarefaServiceImplTest]: no resource found for suffixes {-context.xml, Context.groovy}.
2021-01-12T21:11:34.574+0000 965  [main] INFO o.s.b.t.c.SpringBootTestContextBootstrapper - Loaded default TestExecutionListener class names from location [META-INF/spring.factories]: [org.springframework.boot.test.mock.mockito.MockitoTestExecutionListener, org.springframework.boot.test.mock.mockito.ResetMocksTestExecutionListener, org.springframework.boot.test.autoconfigure.restdocs.RestDocsTestExecutionListener, org.springframework.boot.test.autoconfigure.web.client.MockRestServiceServerResetTestExecutionListener, org.springframework.boot.test.autoconfigure.web.servlet.MockMvcPrintOnlyOnFailureTestExecutionListener, org.springframework.boot.test.autoconfigure.web.servlet.WebDriverTestExecutionListener, org.springframework.boot.test.autoconfigure.webservices.client.MockWebServiceServerTestExecutionListener, org.springframework.test.context.web.ServletTestExecutionListener, org.springframework.test.context.support.DirtiesContextBeforeModesTestExecutionListener, org.springframework.test.context.support.DependencyInjectionTestExecutionListener, org.springframework.test.context.support.DirtiesContextTestExecutionListener, org.springframework.test.context.transaction.TransactionalTestExecutionListener, org.springframework.test.context.jdbc.SqlScriptsTestExecutionListener, org.springframework.test.context.event.EventPublishingTestExecutionListener]
2021-01-12T21:11:34.622+0000 1013 [main] INFO o.s.b.t.c.SpringBootTestContextBootstrapper - Using TestExecutionListeners: [org.springframework.test.context.web.ServletTestExecutionListener@7776ab, org.springframework.test.context.support.DirtiesContextBeforeModesTestExecutionListener@79179359, org.springframework.boot.test.mock.mockito.MockitoTestExecutionListener@dbd8e44, org.springframework.boot.test.autoconfigure.SpringBootDependencyInjectionTestExecutionListener@51acdf2e, org.springframework.test.context.support.DirtiesContextTestExecutionListener@6a55299e, org.springframework.test.context.transaction.TransactionalTestExecutionListener@2f1de2d6, org.springframework.test.context.jdbc.SqlScriptsTestExecutionListener@4eb386df, org.springframework.test.context.event.EventPublishingTestExecutionListener@79517588, org.springframework.boot.test.mock.mockito.ResetMocksTestExecutionListener@3a0baae5, org.springframework.boot.test.autoconfigure.restdocs.RestDocsTestExecutionListener@7ac0e420, org.springframework.boot.test.autoconfigure.web.client.MockRestServiceServerResetTestExecutionListener@289710d9, org.springframework.boot.test.autoconfigure.web.servlet.MockMvcPrintOnlyOnFailureTestExecutionListener@5a18cd76, org.springframework.boot.test.autoconfigure.web.servlet.WebDriverTestExecutionListener@3da30852, org.springframework.boot.test.autoconfigure.webservices.client.MockWebServiceServerTestExecutionListener@403f0a22]
